{"total": {"lines":{"total":7,"covered":5,"skipped":0,"pct":71.42},"statements":{"total":9,"covered":5,"skipped":0,"pct":55.55},"functions":{"total":4,"covered":0,"skipped":0,"pct":0},"branches":{"total":0,"covered":0,"skipped":0,"pct":100},"branchesTrue":{"total":0,"covered":0,"skipped":0,"pct":"Unknown"}}
,"/home/lorrayne/Documentos/EPS/2023.1-Amis-Front/src/pages/centroProdutivo/tests/centro.mock.tsx": {"lines":{"total":7,"covered":5,"skipped":0,"pct":71.42},"functions":{"total":4,"covered":0,"skipped":0,"pct":0},"statements":{"total":9,"covered":5,"skipped":0,"pct":55.55},"branches":{"total":0,"covered":0,"skipped":0,"pct":100}}
}
