{"total": {"lines":{"total":7,"covered":6,"skipped":0,"pct":85.71},"statements":{"total":9,"covered":7,"skipped":0,"pct":77.77},"functions":{"total":4,"covered":2,"skipped":0,"pct":50},"branches":{"total":0,"covered":0,"skipped":0,"pct":100},"branchesTrue":{"total":0,"covered":0,"skipped":0,"pct":"Unknown"}}
,"/home/lorrayne/Documentos/EPS/2023.1-Amis-Front/src/pages/turmas/tests/turmas.mock.tsx": {"lines":{"total":7,"covered":6,"skipped":0,"pct":85.71},"functions":{"total":4,"covered":2,"skipped":0,"pct":50},"statements":{"total":9,"covered":7,"skipped":0,"pct":77.77},"branches":{"total":0,"covered":0,"skipped":0,"pct":100}}
}
