TN:
SF:src/routes.tsx
FN:29,(anonymous_0)
FN:45,AppRoutes
FN:71,(anonymous_2)
FNF:3
FNH:1
FNDA:0,(anonymous_0)
FNDA:1,AppRoutes
FNDA:0,(anonymous_2)
DA:29,1
DA:32,0
DA:34,0
DA:35,0
DA:42,0
DA:46,1
DA:71,0
LF:7
LH:2
BRDA:34,0,0,0
BRDA:34,0,1,0
BRDA:42,1,0,0
BRDA:42,1,1,0
BRF:4
BRH:0
end_of_record
TN:
SF:src/context/AuthProvider.tsx
FN:32,(anonymous_0)
FN:37,authenticate
FN:53,(anonymous_2)
FN:54,loadUser
FN:58,(anonymous_4)
FN:70,logout
FNF:6
FNH:0
FNDA:0,(anonymous_0)
FNDA:0,authenticate
FNDA:0,(anonymous_2)
FNDA:0,loadUser
FNDA:0,(anonymous_4)
FNDA:0,logout
DA:29,13
DA:32,13
DA:33,0
DA:34,0
DA:35,0
DA:38,0
DA:39,0
DA:41,0
DA:47,0
DA:48,0
DA:49,0
DA:50,0
DA:53,0
DA:55,0
DA:57,0
DA:58,0
DA:60,0
DA:61,0
DA:63,0
DA:67,0
DA:71,0
DA:72,0
DA:75,0
LF:23
LH:2
BRDA:60,0,0,0
BRDA:60,0,1,0
BRF:2
BRH:0
end_of_record
TN:
SF:src/pages/alunas/alunas.tsx
FN:67,Alunas
FN:73,(anonymous_1)
FN:74,(anonymous_2)
FN:80,(anonymous_3)
FN:81,(anonymous_4)
FN:94,transformDate
FN:100,(anonymous_6)
FN:186,(anonymous_7)
FN:194,(anonymous_8)
FN:200,(anonymous_9)
FN:227,(anonymous_10)
FN:228,(anonymous_11)
FN:243,(anonymous_12)
FN:244,(anonymous_13)
FN:269,(anonymous_14)
FN:351,(anonymous_15)
FN:356,(anonymous_16)
FN:369,(anonymous_17)
FN:371,(anonymous_18)
FN:477,(anonymous_19)
FN:486,(anonymous_20)
FN:515,(anonymous_21)
FN:524,(anonymous_22)
FN:593,(anonymous_23)
FNF:24
FNH:19
FNDA:14,Alunas
FNDA:2,(anonymous_1)
FNDA:1,(anonymous_2)
FNDA:1,(anonymous_3)
FNDA:1,(anonymous_4)
FNDA:2,transformDate
FNDA:1,(anonymous_6)
FNDA:2,(anonymous_7)
FNDA:4,(anonymous_8)
FNDA:2,(anonymous_9)
FNDA:1,(anonymous_10)
FNDA:1,(anonymous_11)
FNDA:1,(anonymous_12)
FNDA:1,(anonymous_13)
FNDA:1,(anonymous_14)
FNDA:14,(anonymous_15)
FNDA:1,(anonymous_16)
FNDA:1,(anonymous_17)
FNDA:1,(anonymous_18)
FNDA:0,(anonymous_19)
FNDA:0,(anonymous_20)
FNDA:0,(anonymous_21)
FNDA:0,(anonymous_22)
FNDA:0,(anonymous_23)
DA:60,2
DA:61,2
DA:62,2
DA:63,2
DA:64,2
DA:65,2
DA:69,14
DA:70,13
DA:71,13
DA:72,13
DA:73,13
DA:74,13
DA:75,13
DA:76,13
DA:77,13
DA:78,13
DA:79,13
DA:80,13
DA:81,13
DA:83,13
DA:92,13
DA:95,2
DA:96,2
DA:97,2
DA:100,13
DA:102,1
DA:121,1
DA:122,1
DA:123,0
DA:126,1
DA:127,1
DA:128,0
DA:131,1
DA:132,1
DA:133,0
DA:137,1
DA:139,1
DA:141,1
DA:142,0
DA:143,0
DA:145,1
DA:147,1
DA:149,1
DA:150,1
DA:151,0
DA:154,1
DA:155,1
DA:156,0
DA:159,1
DA:160,1
DA:161,0
DA:164,1
DA:165,1
DA:166,0
DA:170,1
DA:171,1
DA:172,1
DA:173,1
DA:175,1
DA:176,1
DA:177,1
DA:178,1
DA:179,1
DA:181,0
DA:183,1
DA:186,13
DA:187,2
DA:188,2
DA:189,2
DA:191,0
DA:194,13
DA:196,4
DA:198,4
DA:199,4
DA:200,2
DA:202,2
DA:203,2
DA:205,2
DA:223,4
DA:227,13
DA:228,1
DA:229,1
DA:230,1
DA:231,1
DA:232,1
DA:233,1
DA:235,0
DA:238,1
DA:239,1
DA:243,13
DA:244,1
DA:245,1
DA:246,1
DA:250,1
DA:252,1
DA:253,1
DA:254,1
DA:255,1
DA:256,1
DA:257,1
DA:258,1
DA:259,1
DA:260,1
DA:261,1
DA:262,1
DA:263,1
DA:265,1
DA:269,13
DA:272,1
DA:273,1
DA:274,0
DA:277,1
DA:278,1
DA:279,0
DA:282,1
DA:283,1
DA:284,0
DA:287,1
DA:289,1
DA:291,1
DA:292,0
DA:293,0
DA:295,1
DA:297,1
DA:299,1
DA:300,1
DA:301,0
DA:304,1
DA:305,1
DA:306,0
DA:310,1
DA:311,1
DA:312,1
DA:313,1
DA:316,1
DA:333,1
DA:334,1
DA:335,1
DA:337,0
DA:339,1
DA:340,1
DA:345,13
DA:351,14
DA:357,1
DA:358,1
DA:359,1
DA:370,1
DA:371,1
DA:372,1
DA:373,1
DA:374,1
DA:388,13
DA:478,0
DA:487,0
DA:516,0
DA:525,0
DA:593,0
LF:157
LH:132
BRDA:122,0,0,0
BRDA:122,0,1,1
BRDA:127,1,0,0
BRDA:127,1,1,1
BRDA:132,2,0,0
BRDA:132,2,1,1
BRDA:141,3,0,0
BRDA:141,3,1,1
BRDA:150,4,0,0
BRDA:150,4,1,1
BRDA:155,5,0,0
BRDA:155,5,1,1
BRDA:160,6,0,0
BRDA:160,6,1,1
BRDA:165,7,0,0
BRDA:165,7,1,1
BRDA:176,8,0,1
BRDA:176,8,1,0
BRDA:188,9,0,2
BRDA:188,9,1,0
BRDA:199,10,0,2
BRDA:199,10,1,2
BRDA:199,11,0,4
BRDA:199,11,1,2
BRDA:229,12,0,1
BRDA:229,12,1,0
BRDA:232,13,0,1
BRDA:232,13,1,0
BRDA:245,14,0,1
BRDA:245,14,1,0
BRDA:273,15,0,0
BRDA:273,15,1,1
BRDA:278,16,0,0
BRDA:278,16,1,1
BRDA:283,17,0,0
BRDA:283,17,1,1
BRDA:291,18,0,0
BRDA:291,18,1,1
BRDA:300,19,0,0
BRDA:300,19,1,1
BRDA:305,20,0,0
BRDA:305,20,1,1
BRDA:334,21,0,1
BRDA:334,21,1,0
BRDA:334,22,0,1
BRDA:334,22,1,0
BRDA:372,23,0,1
BRDA:372,23,1,0
BRDA:470,24,0,0
BRDA:470,24,1,13
BRDA:474,25,0,0
BRDA:474,25,1,13
BRDA:508,26,0,0
BRDA:508,26,1,13
BRDA:512,27,0,0
BRDA:512,27,1,13
BRDA:535,28,0,13
BRDA:535,28,1,0
BRF:58
BRH:31
end_of_record
TN:
SF:src/pages/alunas/tests/alunas.mock.ts
FN:10,(anonymous_0)
FN:24,(anonymous_1)
FN:25,(anonymous_2)
FNF:3
FNH:3
FNDA:1,(anonymous_0)
FNDA:1,(anonymous_1)
FNDA:1,(anonymous_2)
DA:6,1
DA:7,1
DA:10,1
DA:11,1
DA:12,1
DA:15,1
DA:17,1
DA:20,0
DA:24,1
DA:25,1
LF:10
LH:9
BRDA:15,0,0,1
BRDA:15,0,1,0
BRDA:15,1,0,1
BRDA:15,1,1,1
BRF:4
BRH:3
end_of_record
TN:
SF:src/pages/assistentes/assistentes.tsx
FN:55,transformDate
FN:68,Assistentes
FN:76,(anonymous_2)
FN:77,(anonymous_3)
FN:78,(anonymous_4)
FN:79,(anonymous_5)
FN:91,(anonymous_6)
FN:169,(anonymous_7)
FN:177,(anonymous_8)
FN:182,(anonymous_9)
FN:204,(anonymous_10)
FN:205,(anonymous_11)
FN:221,(anonymous_12)
FN:222,(anonymous_13)
FN:240,(anonymous_14)
FN:318,(anonymous_15)
FN:322,(anonymous_16)
FN:332,(anonymous_17)
FN:430,(anonymous_18)
FN:439,(anonymous_19)
FN:471,(anonymous_20)
FN:480,(anonymous_21)
FN:513,(anonymous_22)
FNF:23
FNH:17
FNDA:2,transformDate
FNDA:13,Assistentes
FNDA:1,(anonymous_2)
FNDA:1,(anonymous_3)
FNDA:2,(anonymous_4)
FNDA:0,(anonymous_5)
FNDA:1,(anonymous_6)
FNDA:2,(anonymous_7)
FNDA:4,(anonymous_8)
FNDA:2,(anonymous_9)
FNDA:1,(anonymous_10)
FNDA:1,(anonymous_11)
FNDA:1,(anonymous_12)
FNDA:1,(anonymous_13)
FNDA:1,(anonymous_14)
FNDA:14,(anonymous_15)
FNDA:1,(anonymous_16)
FNDA:1,(anonymous_17)
FNDA:0,(anonymous_18)
FNDA:0,(anonymous_19)
FNDA:0,(anonymous_20)
FNDA:0,(anonymous_21)
FNDA:0,(anonymous_22)
DA:56,2
DA:57,2
DA:58,2
DA:61,2
DA:62,2
DA:63,2
DA:64,2
DA:65,2
DA:66,2
DA:69,13
DA:70,12
DA:71,12
DA:72,12
DA:73,12
DA:74,12
DA:75,12
DA:76,12
DA:77,12
DA:78,12
DA:79,12
DA:80,12
DA:81,12
DA:89,12
DA:91,12
DA:92,1
DA:107,1
DA:108,1
DA:109,0
DA:112,1
DA:113,1
DA:114,0
DA:117,1
DA:118,1
DA:119,0
DA:123,1
DA:125,1
DA:127,1
DA:128,0
DA:129,0
DA:131,1
DA:133,1
DA:135,1
DA:136,1
DA:137,0
DA:140,1
DA:141,1
DA:142,0
DA:145,1
DA:146,1
DA:147,0
DA:150,1
DA:151,1
DA:152,0
DA:155,1
DA:156,1
DA:157,1
DA:159,1
DA:161,1
DA:162,1
DA:163,1
DA:164,1
DA:165,1
DA:169,12
DA:170,2
DA:171,2
DA:172,2
DA:174,0
DA:177,12
DA:178,4
DA:180,4
DA:181,4
DA:182,2
DA:184,2
DA:185,2
DA:187,2
DA:201,4
DA:204,12
DA:205,1
DA:206,1
DA:207,1
DA:208,1
DA:210,1
DA:211,1
DA:213,0
DA:216,1
DA:217,1
DA:221,12
DA:222,1
DA:223,1
DA:224,1
DA:228,1
DA:229,1
DA:231,1
DA:232,1
DA:233,1
DA:234,1
DA:235,1
DA:236,1
DA:237,1
DA:240,12
DA:243,1
DA:244,1
DA:245,0
DA:248,1
DA:249,1
DA:250,0
DA:253,1
DA:254,1
DA:255,0
DA:258,1
DA:260,1
DA:262,1
DA:263,0
DA:264,0
DA:266,1
DA:268,1
DA:270,1
DA:271,1
DA:272,0
DA:275,1
DA:276,1
DA:277,0
DA:281,1
DA:282,1
DA:283,1
DA:284,1
DA:287,1
DA:299,1
DA:300,1
DA:301,1
DA:302,1
DA:303,1
DA:304,1
DA:312,12
DA:318,14
DA:323,1
DA:333,1
DA:334,1
DA:353,12
DA:431,0
DA:440,0
DA:472,0
DA:481,0
DA:513,0
LF:144
LH:121
BRDA:108,0,0,0
BRDA:108,0,1,1
BRDA:113,1,0,0
BRDA:113,1,1,1
BRDA:118,2,0,0
BRDA:118,2,1,1
BRDA:127,3,0,0
BRDA:127,3,1,1
BRDA:136,4,0,0
BRDA:136,4,1,1
BRDA:141,5,0,0
BRDA:141,5,1,1
BRDA:146,6,0,0
BRDA:146,6,1,1
BRDA:151,7,0,0
BRDA:151,7,1,1
BRDA:161,8,0,1
BRDA:161,8,1,0
BRDA:171,9,0,2
BRDA:171,9,1,0
BRDA:181,10,0,2
BRDA:181,10,1,2
BRDA:181,11,0,4
BRDA:181,11,1,2
BRDA:206,12,0,1
BRDA:206,12,1,0
BRDA:210,13,0,1
BRDA:210,13,1,0
BRDA:223,14,0,1
BRDA:223,14,1,0
BRDA:244,15,0,0
BRDA:244,15,1,1
BRDA:249,16,0,0
BRDA:249,16,1,1
BRDA:254,17,0,0
BRDA:254,17,1,1
BRDA:262,18,0,0
BRDA:262,18,1,1
BRDA:271,19,0,0
BRDA:271,19,1,1
BRDA:276,20,0,0
BRDA:276,20,1,1
BRDA:300,21,0,1
BRDA:300,21,1,0
BRDA:423,22,0,0
BRDA:423,22,1,12
BRDA:427,23,0,0
BRDA:427,23,1,12
BRDA:464,24,0,0
BRDA:464,24,1,12
BRDA:468,25,0,0
BRDA:468,25,1,12
BRDA:491,26,0,12
BRDA:491,26,1,0
BRF:54
BRH:29
end_of_record
TN:
SF:src/pages/assistentes/dtos/NotaAlunoCadastrarDTO.tsx
FNF:0
FNH:0
LF:0
LH:0
BRF:0
BRH:0
end_of_record
TN:
SF:src/pages/assistentes/tests/assistentes.mock.tsx
FN:12,(anonymous_0)
FN:13,(anonymous_1)
FNF:2
FNH:2
FNDA:1,(anonymous_0)
FNDA:1,(anonymous_1)
DA:6,1
DA:7,1
DA:10,1
DA:12,1
DA:13,1
LF:5
LH:5
BRF:0
BRH:0
end_of_record
TN:
SF:src/pages/centroProdutivo/alunasSelect.tsx
FN:48,(anonymous_0)
FN:49,(anonymous_1)
FN:58,(anonymous_2)
FNF:3
FNH:0
FNDA:0,(anonymous_0)
FNDA:0,(anonymous_1)
FNDA:0,(anonymous_2)
DA:15,0
DA:48,0
DA:49,0
DA:50,0
DA:51,0
DA:54,0
DA:59,0
LF:7
LH:0
BRDA:50,0,0,0
BRDA:50,0,1,0
BRF:2
BRH:0
end_of_record
TN:
SF:src/pages/centroProdutivo/centroProdutivo.tsx
FN:65,transformDate
FN:74,(anonymous_1)
FN:126,CentroProdutivo
FN:130,(anonymous_3)
FN:131,(anonymous_4)
FN:132,(anonymous_5)
FN:133,(anonymous_6)
FN:154,(anonymous_7)
FN:155,(anonymous_8)
FN:167,(anonymous_9)
FN:174,(anonymous_10)
FN:177,(anonymous_11)
FN:191,(anonymous_12)
FN:203,(anonymous_13)
FN:225,(anonymous_14)
FN:235,(anonymous_15)
FN:256,(anonymous_16)
FN:276,(anonymous_17)
FN:323,(anonymous_18)
FN:338,(anonymous_19)
FN:341,(anonymous_20)
FN:353,(anonymous_21)
FN:355,(anonymous_22)
FN:371,(anonymous_23)
FN:397,handleCancelSubscription
FN:417,(anonymous_25)
FN:422,(anonymous_26)
FN:424,(anonymous_27)
FN:438,(anonymous_28)
FN:440,(anonymous_29)
FN:454,(anonymous_30)
FN:469,(anonymous_31)
FN:488,(anonymous_32)
FN:509,(anonymous_33)
FN:517,(anonymous_34)
FN:532,(anonymous_35)
FN:536,(anonymous_36)
FN:538,(anonymous_37)
FN:554,(anonymous_38)
FN:562,(anonymous_39)
FN:578,(anonymous_40)
FN:581,(anonymous_41)
FN:582,(anonymous_42)
FN:599,(anonymous_43)
FN:602,(anonymous_44)
FN:619,(anonymous_45)
FN:622,(anonymous_46)
FN:640,(anonymous_47)
FN:643,(anonymous_48)
FN:661,(anonymous_49)
FN:664,(anonymous_50)
FN:687,(anonymous_51)
FN:693,(anonymous_52)
FN:705,(anonymous_53)
FN:750,(anonymous_54)
FN:758,(anonymous_55)
FN:827,(anonymous_56)
FN:899,(anonymous_57)
FN:942,(anonymous_58)
FN:952,(anonymous_59)
FN:985,(anonymous_60)
FNF:61
FNH:15
FNDA:0,transformDate
FNDA:11,(anonymous_1)
FNDA:12,CentroProdutivo
FNDA:2,(anonymous_3)
FNDA:0,(anonymous_4)
FNDA:1,(anonymous_5)
FNDA:1,(anonymous_6)
FNDA:0,(anonymous_7)
FNDA:0,(anonymous_8)
FNDA:0,(anonymous_9)
FNDA:0,(anonymous_10)
FNDA:0,(anonymous_11)
FNDA:0,(anonymous_12)
FNDA:0,(anonymous_13)
FNDA:4,(anonymous_14)
FNDA:2,(anonymous_15)
FNDA:0,(anonymous_16)
FNDA:0,(anonymous_17)
FNDA:1,(anonymous_18)
FNDA:0,(anonymous_19)
FNDA:0,(anonymous_20)
FNDA:1,(anonymous_21)
FNDA:1,(anonymous_22)
FNDA:0,(anonymous_23)
FNDA:0,handleCancelSubscription
FNDA:11,(anonymous_25)
FNDA:1,(anonymous_26)
FNDA:1,(anonymous_27)
FNDA:1,(anonymous_28)
FNDA:1,(anonymous_29)
FNDA:0,(anonymous_30)
FNDA:0,(anonymous_31)
FNDA:0,(anonymous_32)
FNDA:0,(anonymous_33)
FNDA:0,(anonymous_34)
FNDA:0,(anonymous_35)
FNDA:0,(anonymous_36)
FNDA:0,(anonymous_37)
FNDA:0,(anonymous_38)
FNDA:0,(anonymous_39)
FNDA:0,(anonymous_40)
FNDA:0,(anonymous_41)
FNDA:0,(anonymous_42)
FNDA:0,(anonymous_43)
FNDA:0,(anonymous_44)
FNDA:0,(anonymous_45)
FNDA:0,(anonymous_46)
FNDA:0,(anonymous_47)
FNDA:0,(anonymous_48)
FNDA:0,(anonymous_49)
FNDA:0,(anonymous_50)
FNDA:0,(anonymous_51)
FNDA:0,(anonymous_52)
FNDA:0,(anonymous_53)
FNDA:0,(anonymous_54)
FNDA:0,(anonymous_55)
FNDA:0,(anonymous_56)
FNDA:0,(anonymous_57)
FNDA:0,(anonymous_58)
FNDA:0,(anonymous_59)
FNDA:0,(anonymous_60)
DA:66,0
DA:67,0
DA:68,0
DA:71,2
DA:74,11
DA:78,2
DA:85,2
DA:94,2
DA:102,2
DA:110,2
DA:127,12
DA:128,11
DA:129,11
DA:130,11
DA:131,11
DA:132,11
DA:133,11
DA:134,11
DA:135,11
DA:137,11
DA:138,11
DA:139,11
DA:140,11
DA:141,11
DA:145,11
DA:147,11
DA:148,11
DA:149,11
DA:154,11
DA:155,0
DA:156,0
DA:158,0
DA:159,0
DA:164,0
DA:165,0
DA:166,0
DA:167,0
DA:168,0
DA:169,0
DA:174,11
DA:175,0
DA:177,11
DA:178,0
DA:179,0
DA:188,11
DA:189,11
DA:191,11
DA:192,0
DA:194,0
DA:197,0
DA:199,0
DA:203,11
DA:204,0
DA:205,0
DA:206,0
DA:213,0
DA:215,0
DA:216,0
DA:217,0
DA:218,0
DA:219,0
DA:221,0
DA:225,11
DA:226,4
DA:227,4
DA:234,4
DA:235,4
DA:236,2
DA:237,2
DA:238,2
DA:247,2
DA:252,2
DA:253,2
DA:256,11
DA:259,0
DA:260,0
DA:261,0
DA:262,0
DA:266,0
DA:267,0
DA:268,0
DA:269,0
DA:271,0
DA:276,11
DA:277,0
DA:278,0
DA:279,0
DA:287,0
DA:288,0
DA:292,0
DA:293,0
DA:294,0
DA:296,0
DA:299,0
DA:300,0
DA:301,0
DA:309,0
DA:310,0
DA:314,0
DA:315,0
DA:316,0
DA:318,0
DA:323,11
DA:324,1
DA:326,1
DA:327,1
DA:329,0
DA:334,1
DA:335,1
DA:338,11
DA:339,0
DA:340,0
DA:341,0
DA:342,0
DA:350,0
DA:353,11
DA:354,1
DA:355,1
DA:356,1
DA:357,1
DA:360,1
DA:361,1
DA:362,1
DA:363,1
DA:364,1
DA:365,1
DA:366,1
DA:367,1
DA:368,1
DA:371,11
DA:372,0
DA:373,0
DA:381,0
DA:383,0
DA:387,0
DA:388,0
DA:389,0
DA:390,0
DA:391,0
DA:393,0
DA:398,0
DA:399,0
DA:402,0
DA:406,0
DA:407,0
DA:410,11
DA:417,11
DA:423,1
DA:424,1
DA:427,1
DA:428,1
DA:439,1
DA:440,1
DA:442,1
DA:443,1
DA:455,0
DA:457,0
DA:470,0
DA:471,0
DA:473,0
DA:475,0
DA:477,0
DA:479,0
DA:489,0
DA:491,0
DA:493,0
DA:495,0
DA:497,0
DA:499,0
DA:509,0
DA:518,0
DA:532,0
DA:537,0
DA:538,0
DA:540,0
DA:542,0
DA:543,0
DA:555,0
DA:563,0
DA:572,11
DA:579,0
DA:581,0
DA:583,0
DA:600,0
DA:603,0
DA:620,0
DA:623,0
DA:641,0
DA:644,0
DA:662,0
DA:665,0
DA:680,11
DA:687,0
DA:694,0
DA:695,0
DA:706,0
DA:707,0
DA:715,11
DA:750,0
DA:758,0
DA:827,0
DA:899,0
DA:943,0
DA:944,0
DA:945,0
DA:952,0
DA:985,0
LF:207
LH:80
BRDA:158,0,0,0
BRDA:158,0,1,0
BRDA:165,1,0,0
BRDA:165,1,1,0
BRDA:194,2,0,0
BRDA:194,2,1,0
BRDA:215,3,0,0
BRDA:215,3,1,0
BRDA:261,4,0,0
BRDA:261,4,1,0
BRDA:267,5,0,0
BRDA:267,5,1,0
BRDA:277,6,0,0
BRDA:277,6,1,0
BRDA:277,7,0,0
BRDA:277,7,1,0
BRDA:292,8,0,0
BRDA:292,8,1,0
BRDA:299,9,0,0
BRDA:299,9,1,0
BRDA:299,10,0,0
BRDA:299,10,1,0
BRDA:314,11,0,0
BRDA:314,11,1,0
BRDA:326,12,0,1
BRDA:326,12,1,0
BRDA:356,13,0,1
BRDA:356,13,1,0
BRDA:387,14,0,0
BRDA:387,14,1,0
BRDA:398,15,0,0
BRDA:398,15,1,0
BRDA:470,16,0,0
BRDA:470,16,1,0
BRDA:473,17,0,0
BRDA:473,17,1,0
BRDA:473,17,2,0
BRDA:489,18,0,0
BRDA:489,18,1,0
BRDA:489,18,2,0
BRDA:489,18,3,0
BRDA:489,18,4,0
BRDA:504,19,0,11
BRDA:504,19,1,0
BRDA:511,20,0,0
BRDA:511,20,1,0
BRDA:511,21,0,0
BRDA:511,21,1,0
BRDA:511,21,2,0
BRDA:511,21,3,0
BRDA:527,22,0,11
BRDA:527,22,1,11
BRDA:527,22,2,0
BRDA:540,23,0,0
BRDA:540,23,1,0
BRDA:549,24,0,0
BRDA:549,24,1,0
BRDA:549,25,0,0
BRDA:549,25,1,0
BRDA:549,25,2,0
BRDA:558,26,0,0
BRDA:558,26,1,0
BRDA:558,27,0,0
BRDA:558,27,1,0
BRDA:698,28,0,0
BRDA:698,28,1,0
BRDA:722,29,0,11
BRDA:722,29,1,0
BRF:68
BRH:6
end_of_record
TN:
SF:src/pages/centroProdutivo/dtos/CentroInscritosDTO.ts
FNF:0
FNH:0
LF:0
LH:0
BRF:0
BRH:0
end_of_record
TN:
SF:src/pages/centroProdutivo/dtos/NotaAlunoCadastrarDTO.tsx
FNF:0
FNH:0
LF:0
LH:0
BRF:0
BRH:0
end_of_record
TN:
SF:src/pages/centroProdutivo/tests/centro.mock.tsx
FN:13,(anonymous_0)
FN:14,(anonymous_1)
FN:17,(anonymous_2)
FN:18,(anonymous_3)
FNF:4
FNH:0
FNDA:0,(anonymous_0)
FNDA:0,(anonymous_1)
FNDA:0,(anonymous_2)
FNDA:0,(anonymous_3)
DA:6,1
DA:7,1
DA:10,1
DA:13,1
DA:14,0
DA:17,1
DA:18,0
LF:7
LH:5
BRF:0
BRH:0
end_of_record
TN:
SF:src/pages/centroProdutivo/utils/gerarPDFRelatorio.ts
FN:18,gerarPDFRelatorio
FN:22,(anonymous_1)
FN:80,gerarPDFRelatorio1
FN:94,(anonymous_3)
FNF:4
FNH:0
FNDA:0,gerarPDFRelatorio
FNDA:0,(anonymous_1)
FNDA:0,gerarPDFRelatorio1
FNDA:0,(anonymous_3)
DA:20,0
DA:22,0
DA:23,0
DA:34,0
DA:40,0
DA:58,0
DA:70,0
DA:77,0
DA:81,0
DA:83,0
DA:92,0
DA:94,0
DA:95,0
DA:105,0
DA:114,0
LF:15
LH:0
BRDA:24,0,0,0
BRDA:24,0,1,0
BRDA:25,1,0,0
BRDA:25,1,1,0
BRDA:26,2,0,0
BRDA:26,2,1,0
BRDA:27,3,0,0
BRDA:27,3,1,0
BRDA:28,4,0,0
BRDA:28,4,1,0
BRDA:29,5,0,0
BRDA:29,5,1,0
BRF:12
BRH:0
end_of_record
TN:
SF:src/pages/curso/cursos.tsx
FN:42,(anonymous_0)
FN:94,Curso
FN:96,(anonymous_2)
FN:97,(anonymous_3)
FN:98,(anonymous_4)
FN:99,(anonymous_5)
FN:114,(anonymous_6)
FN:130,(anonymous_7)
FN:134,(anonymous_8)
FN:146,(anonymous_9)
FN:158,(anonymous_10)
FN:159,(anonymous_11)
FN:173,(anonymous_12)
FN:203,(anonymous_13)
FN:207,(anonymous_14)
FN:217,(anonymous_15)
FN:293,(anonymous_16)
FNF:17
FNH:15
FNDA:12,(anonymous_0)
FNDA:13,Curso
FNDA:2,(anonymous_2)
FNDA:0,(anonymous_3)
FNDA:1,(anonymous_4)
FNDA:1,(anonymous_5)
FNDA:1,(anonymous_6)
FNDA:4,(anonymous_7)
FNDA:2,(anonymous_8)
FNDA:1,(anonymous_9)
FNDA:1,(anonymous_10)
FNDA:1,(anonymous_11)
FNDA:1,(anonymous_12)
FNDA:14,(anonymous_13)
FNDA:1,(anonymous_14)
FNDA:1,(anonymous_15)
FNDA:0,(anonymous_16)
DA:39,2
DA:42,12
DA:46,2
DA:53,2
DA:62,2
DA:70,2
DA:78,2
DA:95,13
DA:96,12
DA:97,12
DA:98,12
DA:99,12
DA:100,12
DA:101,12
DA:102,12
DA:103,12
DA:104,12
DA:105,12
DA:111,12
DA:112,12
DA:114,12
DA:115,1
DA:121,1
DA:123,1
DA:124,1
DA:125,1
DA:126,1
DA:130,12
DA:131,4
DA:133,4
DA:134,4
DA:136,2
DA:143,2
DA:146,12
DA:147,1
DA:149,1
DA:150,1
DA:152,0
DA:155,1
DA:156,1
DA:158,12
DA:159,1
DA:160,1
DA:161,1
DA:164,1
DA:165,1
DA:166,1
DA:167,1
DA:168,1
DA:169,1
DA:170,1
DA:173,12
DA:175,1
DA:181,1
DA:183,1
DA:184,1
DA:185,0
DA:186,0
DA:187,0
DA:188,0
DA:196,12
DA:203,14
DA:208,1
DA:218,1
DA:219,1
DA:232,12
DA:293,0
LF:67
LH:61
BRDA:123,0,0,1
BRDA:123,0,1,0
BRDA:149,1,0,1
BRDA:149,1,1,0
BRDA:160,2,0,1
BRDA:160,2,1,0
BRDA:184,3,0,0
BRDA:184,3,1,1
BRDA:239,4,0,12
BRDA:239,4,1,0
BRF:10
BRH:5
end_of_record
TN:
SF:src/pages/curso/tests/cursos.mock.tsx
FN:13,(anonymous_0)
FN:14,(anonymous_1)
FN:17,(anonymous_2)
FN:18,(anonymous_3)
FNF:4
FNH:2
FNDA:1,(anonymous_0)
FNDA:1,(anonymous_1)
FNDA:0,(anonymous_2)
FNDA:0,(anonymous_3)
DA:6,1
DA:7,1
DA:10,1
DA:13,1
DA:14,1
DA:17,1
DA:18,0
LF:7
LH:6
BRF:0
BRH:0
end_of_record
TN:
SF:src/pages/home/home.tsx
FN:14,(anonymous_0)
FN:31,(anonymous_1)
FN:37,(anonymous_2)
FN:58,(anonymous_3)
FN:72,(anonymous_4)
FN:76,(anonymous_5)
FN:82,(anonymous_6)
FN:92,Home
FNF:8
FNH:8
FNDA:2,(anonymous_0)
FNDA:4,(anonymous_1)
FNDA:2,(anonymous_2)
FNDA:2,(anonymous_3)
FNDA:4,(anonymous_4)
FNDA:4,(anonymous_5)
FNDA:2,(anonymous_6)
FNDA:2,Home
DA:13,2
DA:14,2
DA:21,2
DA:26,2
DA:30,2
DA:31,4
DA:36,2
DA:37,2
DA:43,2
DA:50,2
DA:56,2
DA:58,2
DA:64,2
DA:69,2
DA:72,4
DA:75,2
DA:76,4
DA:81,2
DA:82,2
DA:86,2
DA:107,2
LF:21
LH:21
BRF:0
BRH:0
end_of_record
TN:
SF:src/pages/instrucoes/cursoSelect.tsx
FN:43,(anonymous_0)
FN:44,(anonymous_1)
FN:53,(anonymous_2)
FNF:3
FNH:2
FNDA:16,(anonymous_0)
FNDA:1,(anonymous_1)
FNDA:0,(anonymous_2)
DA:11,2
DA:43,2
DA:44,16
DA:45,1
DA:46,1
DA:49,16
DA:54,0
LF:7
LH:6
BRDA:45,0,0,1
BRDA:45,0,1,0
BRF:2
BRH:1
end_of_record
TN:
SF:src/pages/instrucoes/instrucao.tsx
FN:46,Instrucao
FN:53,(anonymous_1)
FN:54,(anonymous_2)
FN:56,(anonymous_3)
FN:61,(anonymous_4)
FN:62,(anonymous_5)
FN:72,(anonymous_6)
FN:95,(anonymous_7)
FN:119,(anonymous_8)
FN:120,(anonymous_9)
FN:136,(anonymous_10)
FN:156,(anonymous_11)
FN:172,(anonymous_12)
FN:176,(anonymous_13)
FNF:14
FNH:11
FNDA:12,Instrucao
FNDA:2,(anonymous_1)
FNDA:1,(anonymous_2)
FNDA:0,(anonymous_3)
FNDA:4,(anonymous_4)
FNDA:4,(anonymous_5)
FNDA:4,(anonymous_6)
FNDA:1,(anonymous_7)
FNDA:1,(anonymous_8)
FNDA:1,(anonymous_9)
FNDA:1,(anonymous_10)
FNDA:0,(anonymous_11)
FNDA:1,(anonymous_12)
FNDA:0,(anonymous_13)
DA:37,2
DA:38,2
DA:39,2
DA:40,2
DA:41,2
DA:42,2
DA:48,12
DA:49,11
DA:50,11
DA:51,11
DA:52,11
DA:53,11
DA:54,11
DA:55,11
DA:56,11
DA:57,11
DA:58,11
DA:59,11
DA:61,11
DA:62,4
DA:63,4
DA:64,4
DA:65,4
DA:67,4
DA:69,0
DA:72,4
DA:73,4
DA:74,4
DA:75,3
DA:76,3
DA:78,0
DA:82,4
DA:83,4
DA:86,11
DA:93,11
DA:95,11
DA:96,1
DA:97,1
DA:104,1
DA:105,1
DA:106,1
DA:107,1
DA:108,1
DA:109,1
DA:110,1
DA:111,1
DA:112,1
DA:114,0
DA:116,1
DA:119,11
DA:120,1
DA:121,1
DA:122,1
DA:126,1
DA:127,1
DA:128,1
DA:129,1
DA:130,1
DA:131,1
DA:132,1
DA:136,11
DA:138,1
DA:146,1
DA:147,1
DA:148,1
DA:150,0
DA:152,1
DA:153,1
DA:156,11
DA:157,0
DA:158,0
DA:159,0
DA:161,0
DA:162,0
DA:163,0
DA:164,0
DA:165,0
DA:167,0
DA:172,11
DA:173,1
DA:176,11
DA:177,0
DA:181,11
LF:83
LH:69
BRDA:105,0,0,1
BRDA:105,0,1,0
BRDA:121,1,0,1
BRDA:121,1,1,0
BRDA:147,2,0,1
BRDA:147,2,1,0
BRDA:147,3,0,1
BRDA:147,3,1,0
BRDA:147,3,2,0
BRDA:158,4,0,0
BRDA:158,4,1,0
BRDA:162,5,0,0
BRDA:162,5,1,0
BRDA:162,6,0,0
BRDA:162,6,1,0
BRDA:183,7,0,11
BRDA:183,7,1,11
BRDA:187,8,0,11
BRDA:187,8,1,0
BRDA:197,9,0,11
BRDA:197,9,1,0
BRDA:197,10,0,11
BRDA:197,10,1,11
BRF:23
BRH:10
end_of_record
TN:
SF:src/pages/instrucoes/item.tsx
FN:82,Item
FN:85,(anonymous_1)
FN:87,(anonymous_2)
FN:90,(anonymous_3)
FN:94,(anonymous_4)
FN:98,(anonymous_5)
FN:136,(anonymous_6)
FN:145,(anonymous_7)
FN:172,(anonymous_8)
FNF:9
FNH:7
FNDA:7,Item
FNDA:1,(anonymous_1)
FNDA:1,(anonymous_2)
FNDA:0,(anonymous_3)
FNDA:1,(anonymous_4)
FNDA:1,(anonymous_5)
FNDA:1,(anonymous_6)
FNDA:1,(anonymous_7)
FNDA:0,(anonymous_8)
DA:21,2
DA:83,7
DA:84,6
DA:85,6
DA:86,6
DA:87,6
DA:88,6
DA:90,6
DA:91,0
DA:94,6
DA:95,1
DA:98,6
DA:99,1
DA:100,1
DA:101,1
DA:102,1
DA:103,1
DA:105,0
DA:108,1
DA:109,1
DA:122,6
DA:137,1
DA:146,1
DA:172,0
LF:24
LH:21
BRDA:100,0,0,1
BRDA:100,0,1,0
BRDA:102,1,0,1
BRDA:102,1,1,0
BRDA:131,2,0,6
BRDA:131,2,1,6
BRDA:131,2,2,6
BRDA:170,3,0,6
BRDA:170,3,1,0
BRF:9
BRH:6
end_of_record
TN:
SF:src/pages/instrucoes/visualizarInstrucao.tsx
FN:17,(anonymous_0)
FN:18,(anonymous_1)
FN:26,(anonymous_2)
FNF:3
FNH:3
FNDA:12,(anonymous_0)
FNDA:1,(anonymous_1)
FNDA:4,(anonymous_2)
DA:8,2
DA:17,2
DA:18,12
DA:20,1
DA:21,1
DA:24,12
DA:27,4
LF:7
LH:7
BRF:0
BRH:0
end_of_record
TN:
SF:src/pages/instrucoes/tests/instrucoes.mock.tsx
FN:13,(anonymous_0)
FN:14,(anonymous_1)
FN:17,(anonymous_2)
FN:18,(anonymous_3)
FNF:4
FNH:2
FNDA:1,(anonymous_0)
FNDA:1,(anonymous_1)
FNDA:0,(anonymous_2)
FNDA:0,(anonymous_3)
DA:6,1
DA:7,1
DA:10,1
DA:13,1
DA:14,1
DA:17,1
DA:18,0
LF:7
LH:6
BRF:0
BRH:0
end_of_record
TN:
SF:src/pages/login/login.tsx
FN:31,(anonymous_0)
FN:38,(anonymous_1)
FN:60,(anonymous_2)
FN:66,(anonymous_3)
FN:75,Login
FN:78,(anonymous_5)
FN:83,(anonymous_6)
FNF:7
FNH:5
FNDA:1,(anonymous_0)
FNDA:1,(anonymous_1)
FNDA:1,(anonymous_2)
FNDA:1,(anonymous_3)
FNDA:1,Login
FNDA:0,(anonymous_5)
FNDA:0,(anonymous_6)
DA:21,2
DA:26,2
DA:31,1
DA:34,2
DA:38,1
DA:48,2
DA:57,2
DA:60,1
DA:63,2
DA:66,1
DA:76,1
DA:77,1
DA:78,1
DA:79,1
DA:80,1
DA:81,1
DA:83,1
DA:84,0
DA:85,0
DA:86,0
DA:87,0
DA:88,0
DA:89,0
DA:90,0
DA:91,0
DA:92,0
DA:94,0
DA:95,0
DA:98,0
DA:99,0
DA:103,1
LF:31
LH:18
BRDA:90,0,0,0
BRDA:90,0,1,0
BRDA:129,1,0,0
BRDA:129,1,1,1
BRDA:133,2,0,0
BRDA:133,2,1,1
BRDA:186,3,0,0
BRDA:186,3,1,1
BRF:8
BRH:3
end_of_record
TN:
SF:src/pages/professores/professores.tsx
FN:56,(anonymous_0)
FN:108,transformDate
FN:115,Professores
FN:121,(anonymous_3)
FN:122,(anonymous_4)
FN:129,(anonymous_5)
FN:130,(anonymous_6)
FN:144,(anonymous_7)
FN:221,(anonymous_8)
FN:229,(anonymous_9)
FN:232,(anonymous_10)
FN:253,(anonymous_11)
FN:254,(anonymous_12)
FN:269,(anonymous_13)
FN:270,(anonymous_14)
FN:290,(anonymous_15)
FN:366,(anonymous_16)
FN:371,(anonymous_17)
FN:383,(anonymous_18)
FN:385,(anonymous_19)
FN:490,(anonymous_20)
FN:499,(anonymous_21)
FN:528,(anonymous_22)
FN:537,(anonymous_23)
FN:563,(anonymous_24)
FNF:25
FNH:18
FNDA:12,(anonymous_0)
FNDA:1,transformDate
FNDA:13,Professores
FNDA:2,(anonymous_3)
FNDA:0,(anonymous_4)
FNDA:1,(anonymous_5)
FNDA:1,(anonymous_6)
FNDA:0,(anonymous_7)
FNDA:2,(anonymous_8)
FNDA:4,(anonymous_9)
FNDA:2,(anonymous_10)
FNDA:1,(anonymous_11)
FNDA:1,(anonymous_12)
FNDA:1,(anonymous_13)
FNDA:1,(anonymous_14)
FNDA:1,(anonymous_15)
FNDA:14,(anonymous_16)
FNDA:1,(anonymous_17)
FNDA:1,(anonymous_18)
FNDA:1,(anonymous_19)
FNDA:0,(anonymous_20)
FNDA:0,(anonymous_21)
FNDA:0,(anonymous_22)
FNDA:0,(anonymous_23)
FNDA:0,(anonymous_24)
DA:53,2
DA:56,12
DA:60,2
DA:67,2
DA:76,2
DA:84,2
DA:92,2
DA:109,1
DA:110,1
DA:111,1
DA:116,13
DA:117,12
DA:118,12
DA:119,12
DA:120,12
DA:121,12
DA:122,12
DA:123,12
DA:124,12
DA:125,12
DA:126,12
DA:127,12
DA:128,12
DA:129,12
DA:130,12
DA:131,12
DA:140,12
DA:144,12
DA:146,0
DA:159,0
DA:160,0
DA:161,0
DA:164,0
DA:165,0
DA:166,0
DA:169,0
DA:170,0
DA:171,0
DA:174,0
DA:176,0
DA:178,0
DA:179,0
DA:180,0
DA:182,0
DA:184,0
DA:186,0
DA:187,0
DA:188,0
DA:191,0
DA:192,0
DA:193,0
DA:196,0
DA:197,0
DA:198,0
DA:201,0
DA:202,0
DA:203,0
DA:206,0
DA:207,0
DA:208,0
DA:210,0
DA:211,0
DA:212,0
DA:213,0
DA:214,0
DA:216,0
DA:218,0
DA:221,12
DA:222,2
DA:223,2
DA:224,1
DA:226,1
DA:229,12
DA:230,4
DA:231,2
DA:232,2
DA:233,2
DA:234,2
DA:236,2
DA:249,2
DA:253,12
DA:254,1
DA:255,1
DA:256,1
DA:257,1
DA:258,1
DA:259,1
DA:261,0
DA:264,1
DA:265,1
DA:269,12
DA:270,1
DA:271,1
DA:272,1
DA:276,1
DA:278,1
DA:279,1
DA:280,1
DA:281,1
DA:282,1
DA:283,1
DA:284,1
DA:287,1
DA:290,12
DA:293,1
DA:294,1
DA:295,0
DA:298,1
DA:299,1
DA:300,0
DA:303,1
DA:304,1
DA:305,0
DA:308,1
DA:310,1
DA:312,1
DA:313,0
DA:314,0
DA:316,1
DA:318,1
DA:320,1
DA:321,1
DA:322,0
DA:325,1
DA:326,1
DA:327,0
DA:332,1
DA:334,1
DA:335,1
DA:336,1
DA:339,1
DA:350,1
DA:351,1
DA:352,1
DA:354,0
DA:356,1
DA:357,1
DA:360,12
DA:366,14
DA:372,1
DA:373,1
DA:374,1
DA:384,1
DA:385,1
DA:386,1
DA:387,1
DA:388,1
DA:404,12
DA:491,0
DA:500,0
DA:529,0
DA:538,0
DA:563,0
LF:153
LH:100
BRDA:160,0,0,0
BRDA:160,0,1,0
BRDA:165,1,0,0
BRDA:165,1,1,0
BRDA:170,2,0,0
BRDA:170,2,1,0
BRDA:178,3,0,0
BRDA:178,3,1,0
BRDA:187,4,0,0
BRDA:187,4,1,0
BRDA:192,5,0,0
BRDA:192,5,1,0
BRDA:197,6,0,0
BRDA:197,6,1,0
BRDA:202,7,0,0
BRDA:202,7,1,0
BRDA:211,8,0,0
BRDA:211,8,1,0
BRDA:223,9,0,1
BRDA:223,9,1,1
BRDA:255,10,0,1
BRDA:255,10,1,0
BRDA:258,11,0,1
BRDA:258,11,1,0
BRDA:271,12,0,1
BRDA:271,12,1,0
BRDA:294,13,0,0
BRDA:294,13,1,1
BRDA:299,14,0,0
BRDA:299,14,1,1
BRDA:304,15,0,0
BRDA:304,15,1,1
BRDA:312,16,0,0
BRDA:312,16,1,1
BRDA:321,17,0,0
BRDA:321,17,1,1
BRDA:326,18,0,0
BRDA:326,18,1,1
BRDA:351,19,0,1
BRDA:351,19,1,0
BRDA:351,20,0,1
BRDA:351,20,1,0
BRDA:386,21,0,1
BRDA:386,21,1,0
BRDA:483,22,0,0
BRDA:483,22,1,12
BRDA:487,23,0,0
BRDA:487,23,1,12
BRDA:521,24,0,0
BRDA:521,24,1,12
BRDA:525,25,0,0
BRDA:525,25,1,12
BRDA:548,26,0,12
BRDA:548,26,1,0
BRF:54
BRH:19
end_of_record
TN:
SF:src/pages/professores/tests/professores.mock.tsx
FN:13,(anonymous_0)
FN:14,(anonymous_1)
FN:17,(anonymous_2)
FN:18,(anonymous_3)
FNF:4
FNH:1
FNDA:0,(anonymous_0)
FNDA:0,(anonymous_1)
FNDA:1,(anonymous_2)
FNDA:0,(anonymous_3)
DA:6,1
DA:7,1
DA:10,1
DA:13,1
DA:14,0
DA:17,1
DA:18,1
LF:7
LH:6
BRF:0
BRH:0
end_of_record
TN:
SF:src/pages/receitas/receitas.tsx
FN:52,(anonymous_0)
FN:131,Receitas
FN:133,(anonymous_2)
FN:134,(anonymous_3)
FN:149,(anonymous_4)
FN:150,(anonymous_5)
FN:153,(anonymous_6)
FN:167,(anonymous_7)
FN:171,(anonymous_8)
FN:180,(anonymous_9)
FN:193,(anonymous_10)
FN:203,addInputIngred
FN:208,(anonymous_12)
FN:214,addInputModPrep
FN:219,(anonymous_14)
FN:224,remInputPrep
FN:227,(anonymous_16)
FN:232,remInputIngre
FN:235,(anonymous_18)
FN:240,openReceita
FN:260,(anonymous_20)
FN:264,(anonymous_21)
FN:320,(anonymous_22)
FN:330,(anonymous_23)
FN:345,(anonymous_24)
FN:355,(anonymous_25)
FNF:26
FNH:5
FNDA:1,(anonymous_0)
FNDA:1,Receitas
FNDA:0,(anonymous_2)
FNDA:0,(anonymous_3)
FNDA:1,(anonymous_4)
FNDA:0,(anonymous_5)
FNDA:0,(anonymous_6)
FNDA:0,(anonymous_7)
FNDA:0,(anonymous_8)
FNDA:0,(anonymous_9)
FNDA:0,(anonymous_10)
FNDA:0,addInputIngred
FNDA:0,(anonymous_12)
FNDA:0,addInputModPrep
FNDA:0,(anonymous_14)
FNDA:0,remInputPrep
FNDA:0,(anonymous_16)
FNDA:0,remInputIngre
FNDA:0,(anonymous_18)
FNDA:0,openReceita
FNDA:0,(anonymous_20)
FNDA:0,(anonymous_21)
FNDA:1,(anonymous_22)
FNDA:0,(anonymous_23)
FNDA:1,(anonymous_24)
FNDA:0,(anonymous_25)
DA:28,1
DA:44,1
DA:51,1
DA:52,1
DA:58,1
DA:66,1
DA:75,1
DA:83,1
DA:87,1
DA:95,1
DA:132,1
DA:133,1
DA:134,1
DA:135,1
DA:138,1
DA:139,1
DA:140,1
DA:146,1
DA:147,1
DA:149,1
DA:150,1
DA:151,0
DA:152,0
DA:153,0
DA:154,0
DA:162,0
DA:167,1
DA:168,0
DA:169,0
DA:171,0
DA:172,0
DA:173,0
DA:177,0
DA:178,0
DA:180,0
DA:181,0
DA:182,0
DA:186,0
DA:193,0
DA:194,0
DA:195,0
DA:197,0
DA:200,0
DA:204,0
DA:205,0
DA:206,0
DA:207,0
DA:208,0
DA:209,0
DA:215,0
DA:216,0
DA:217,0
DA:218,0
DA:219,0
DA:220,0
DA:225,0
DA:226,0
DA:227,0
DA:228,0
DA:233,0
DA:234,0
DA:235,0
DA:236,0
DA:241,0
DA:244,1
DA:261,0
DA:264,0
DA:322,1
DA:330,0
DA:347,1
DA:355,0
LF:71
LH:25
BRDA:152,0,0,0
BRDA:152,0,1,0
BRDA:172,1,0,0
BRDA:172,1,1,0
BRDA:181,2,0,0
BRDA:181,2,1,0
BRDA:194,3,0,0
BRDA:194,3,1,0
BRDA:252,4,0,1
BRDA:252,4,1,0
BRF:10
BRH:1
end_of_record
TN:
SF:src/pages/receitas/receitasInstrucao.tsx
FN:16,(anonymous_0)
FN:151,ReceitasInstrucao
FN:156,(anonymous_2)
FN:157,(anonymous_3)
FN:166,(anonymous_4)
FN:168,(anonymous_5)
FN:188,(anonymous_6)
FN:207,(anonymous_7)
FN:223,(anonymous_8)
FNF:9
FNH:0
FNDA:0,(anonymous_0)
FNDA:0,ReceitasInstrucao
FNDA:0,(anonymous_2)
FNDA:0,(anonymous_3)
FNDA:0,(anonymous_4)
FNDA:0,(anonymous_5)
FNDA:0,(anonymous_6)
FNDA:0,(anonymous_7)
FNDA:0,(anonymous_8)
DA:15,0
DA:16,0
DA:23,0
DA:32,0
DA:37,0
DA:44,0
DA:49,0
DA:56,0
DA:65,0
DA:106,0
DA:146,0
DA:152,0
DA:153,0
DA:154,0
DA:156,0
DA:157,0
DA:158,0
DA:159,0
DA:161,0
DA:166,0
DA:168,0
DA:169,0
DA:170,0
DA:175,0
DA:188,0
DA:208,0
DA:224,0
LF:27
LH:0
BRDA:158,0,0,0
BRDA:158,0,1,0
BRDA:169,1,0,0
BRDA:169,1,1,0
BRDA:185,2,0,0
BRDA:185,2,1,0
BRDA:206,3,0,0
BRDA:206,3,1,0
BRF:8
BRH:0
end_of_record
TN:
SF:src/pages/supervisor/supervisor.tsx
FN:70,Supervisor
FN:96,handleOpenRegister
FN:100,handleCloseRegisterModal
FN:104,handleCloseEditModal
FN:112,(anonymous_4)
FN:118,(anonymous_5)
FN:126,prepararEdicao
FN:128,(anonymous_7)
FN:144,editSupervisor
FN:158,prepararDelecao
FN:163,deletarSupervisor
FN:169,registerSupervisor
FN:204,(anonymous_12)
FN:226,(anonymous_13)
FN:240,(anonymous_14)
FN:245,(anonymous_15)
FN:256,(anonymous_16)
FN:280,(anonymous_17)
FN:288,(anonymous_18)
FN:296,(anonymous_19)
FN:352,(anonymous_20)
FN:361,(anonymous_21)
FN:390,(anonymous_22)
FN:399,(anonymous_23)
FNF:24
FNH:13
FNDA:17,Supervisor
FNDA:3,handleOpenRegister
FNDA:0,handleCloseRegisterModal
FNDA:0,handleCloseEditModal
FNDA:5,(anonymous_4)
FNDA:2,(anonymous_5)
FNDA:1,prepararEdicao
FNDA:1,(anonymous_7)
FNDA:1,editSupervisor
FNDA:1,prepararDelecao
FNDA:1,deletarSupervisor
FNDA:0,registerSupervisor
FNDA:0,(anonymous_12)
FNDA:0,(anonymous_13)
FNDA:14,(anonymous_14)
FNDA:1,(anonymous_15)
FNDA:1,(anonymous_16)
FNDA:2,(anonymous_17)
FNDA:0,(anonymous_18)
FNDA:0,(anonymous_19)
FNDA:0,(anonymous_20)
FNDA:0,(anonymous_21)
FNDA:0,(anonymous_22)
FNDA:0,(anonymous_23)
DA:50,2
DA:51,2
DA:52,2
DA:53,2
DA:54,2
DA:55,2
DA:71,17
DA:78,16
DA:80,16
DA:85,16
DA:87,16
DA:88,16
DA:89,16
DA:90,16
DA:91,16
DA:92,16
DA:94,16
DA:97,3
DA:101,0
DA:105,0
DA:112,16
DA:113,5
DA:114,3
DA:115,1
DA:118,2
DA:119,2
DA:120,2
DA:123,2
DA:127,1
DA:128,1
DA:130,1
DA:131,0
DA:134,1
DA:135,1
DA:136,1
DA:137,1
DA:138,1
DA:139,1
DA:140,1
DA:141,1
DA:145,1
DA:146,1
DA:147,1
DA:152,1
DA:153,1
DA:154,1
DA:155,1
DA:159,1
DA:160,1
DA:164,1
DA:165,1
DA:166,1
DA:171,0
DA:172,0
DA:175,0
DA:178,0
DA:179,0
DA:182,0
DA:185,0
DA:186,0
DA:189,0
DA:192,0
DA:193,0
DA:194,0
DA:199,0
DA:200,0
DA:201,0
DA:202,0
DA:203,0
DA:204,0
DA:205,0
DA:206,0
DA:212,0
DA:217,0
DA:220,0
DA:221,0
DA:222,0
DA:223,0
DA:226,16
DA:227,0
DA:228,0
DA:229,0
DA:231,0
DA:234,16
DA:240,14
DA:246,1
DA:257,1
DA:271,16
DA:280,2
DA:288,0
DA:296,0
DA:353,0
DA:362,0
DA:391,0
DA:400,0
LF:95
LH:56
BRDA:114,0,0,1
BRDA:114,0,1,2
BRDA:130,1,0,0
BRDA:130,1,1,1
BRDA:171,2,0,0
BRDA:171,2,1,0
BRDA:178,3,0,0
BRDA:178,3,1,0
BRDA:185,4,0,0
BRDA:185,4,1,0
BRDA:200,5,0,0
BRDA:200,5,1,0
BRDA:201,6,0,0
BRDA:201,6,1,0
BRDA:205,7,0,0
BRDA:205,7,1,0
BRDA:228,8,0,0
BRDA:228,8,1,0
BRDA:345,9,0,0
BRDA:345,9,1,16
BRDA:349,10,0,0
BRDA:349,10,1,16
BRDA:383,11,0,0
BRDA:383,11,1,16
BRDA:387,12,0,0
BRDA:387,12,1,16
BRDA:410,13,0,16
BRDA:410,13,1,0
BRF:28
BRH:8
end_of_record
TN:
SF:src/pages/supervisor/dtos/EditSupervisorDTO.ts
FNF:0
FNH:0
LF:0
LH:0
BRF:0
BRH:0
end_of_record
TN:
SF:src/pages/supervisor/dtos/SupervisorDTO.ts
FNF:0
FNH:0
LF:0
LH:0
BRF:0
BRH:0
end_of_record
TN:
SF:src/pages/supervisor/tests/supervisor.mock.ts
FN:12,(anonymous_0)
FN:15,(anonymous_1)
FN:18,(anonymous_2)
FN:19,(anonymous_3)
FNF:4
FNH:1
FNDA:0,(anonymous_0)
FNDA:0,(anonymous_1)
FNDA:2,(anonymous_2)
FNDA:0,(anonymous_3)
DA:6,1
DA:7,1
DA:10,1
DA:12,1
DA:13,0
DA:15,0
DA:18,1
DA:19,2
LF:8
LH:6
BRF:0
BRH:0
end_of_record
TN:
SF:src/pages/turmas/cursoSelect.tsx
FN:43,(anonymous_0)
FN:44,(anonymous_1)
FN:53,(anonymous_2)
FNF:3
FNH:1
FNDA:2,(anonymous_0)
FNDA:0,(anonymous_1)
FNDA:0,(anonymous_2)
DA:11,2
DA:43,2
DA:44,2
DA:45,0
DA:46,0
DA:49,2
DA:54,0
LF:7
LH:4
BRDA:45,0,0,0
BRDA:45,0,1,0
BRF:2
BRH:0
end_of_record
TN:
SF:src/pages/turmas/professoresSelect.tsx
FN:43,(anonymous_0)
FN:44,(anonymous_1)
FN:53,(anonymous_2)
FNF:3
FNH:1
FNDA:2,(anonymous_0)
FNDA:0,(anonymous_1)
FNDA:0,(anonymous_2)
DA:11,2
DA:43,2
DA:44,2
DA:45,0
DA:46,0
DA:49,2
DA:54,0
LF:7
LH:4
BRDA:45,0,0,0
BRDA:45,0,1,0
BRF:2
BRH:0
end_of_record
TN:
SF:src/pages/turmas/turmas.tsx
FN:71,(anonymous_0)
FN:123,compareDates
FN:130,validateHorarios
FN:153,Turmas
FN:166,(anonymous_4)
FN:167,(anonymous_5)
FN:169,(anonymous_6)
FN:170,(anonymous_7)
FN:171,(anonymous_8)
FN:172,(anonymous_9)
FN:194,transformDate
FN:200,(anonymous_11)
FN:253,(anonymous_12)
FN:257,(anonymous_13)
FN:260,(anonymous_14)
FN:270,(anonymous_15)
FN:309,(anonymous_16)
FN:310,(anonymous_17)
FN:323,(anonymous_18)
FN:337,(anonymous_19)
FN:338,(anonymous_20)
FN:359,(anonymous_21)
FN:410,(anonymous_22)
FN:428,(anonymous_23)
FN:450,(anonymous_24)
FN:454,(anonymous_25)
FN:470,(anonymous_26)
FN:512,(anonymous_27)
FN:517,(anonymous_28)
FN:544,(anonymous_29)
FN:548,(anonymous_30)
FN:563,(anonymous_31)
FN:567,(anonymous_32)
FN:576,(anonymous_33)
FN:586,(anonymous_34)
FN:594,(anonymous_35)
FN:596,(anonymous_36)
FN:616,(anonymous_37)
FN:621,(anonymous_38)
FN:669,(anonymous_39)
FN:733,(anonymous_40)
FN:793,(anonymous_41)
FN:853,(anonymous_42)
FN:860,(anonymous_43)
FN:910,(anonymous_44)
FN:913,(anonymous_45)
FN:914,(anonymous_46)
FN:937,(anonymous_47)
FNF:48
FNH:22
FNDA:13,(anonymous_0)
FNDA:1,compareDates
FNDA:2,validateHorarios
FNDA:14,Turmas
FNDA:1,(anonymous_4)
FNDA:1,(anonymous_5)
FNDA:0,(anonymous_6)
FNDA:0,(anonymous_7)
FNDA:2,(anonymous_8)
FNDA:0,(anonymous_9)
FNDA:4,transformDate
FNDA:1,(anonymous_11)
FNDA:4,(anonymous_12)
FNDA:2,(anonymous_13)
FNDA:2,(anonymous_14)
FNDA:2,(anonymous_15)
FNDA:0,(anonymous_16)
FNDA:0,(anonymous_17)
FNDA:1,(anonymous_18)
FNDA:1,(anonymous_19)
FNDA:1,(anonymous_20)
FNDA:1,(anonymous_21)
FNDA:0,(anonymous_22)
FNDA:0,(anonymous_23)
FNDA:0,(anonymous_24)
FNDA:0,(anonymous_25)
FNDA:0,(anonymous_26)
FNDA:4,(anonymous_27)
FNDA:0,(anonymous_28)
FNDA:0,(anonymous_29)
FNDA:0,(anonymous_30)
FNDA:17,(anonymous_31)
FNDA:0,(anonymous_32)
FNDA:0,(anonymous_33)
FNDA:1,(anonymous_34)
FNDA:1,(anonymous_35)
FNDA:1,(anonymous_36)
FNDA:0,(anonymous_37)
FNDA:0,(anonymous_38)
FNDA:0,(anonymous_39)
FNDA:0,(anonymous_40)
FNDA:0,(anonymous_41)
FNDA:0,(anonymous_42)
FNDA:0,(anonymous_43)
FNDA:0,(anonymous_44)
FNDA:0,(anonymous_45)
FNDA:0,(anonymous_46)
FNDA:0,(anonymous_47)
DA:68,2
DA:71,13
DA:75,2
DA:82,2
DA:91,2
DA:99,2
DA:107,2
DA:124,1
DA:125,1
DA:127,1
DA:131,2
DA:132,2
DA:134,2
DA:146,2
DA:148,0
DA:154,14
DA:155,13
DA:156,13
DA:157,13
DA:158,13
DA:159,13
DA:160,13
DA:161,13
DA:162,13
DA:163,13
DA:164,13
DA:165,13
DA:166,13
DA:167,13
DA:168,13
DA:169,13
DA:170,13
DA:171,13
DA:172,13
DA:173,13
DA:174,13
DA:175,13
DA:176,13
DA:177,13
DA:178,13
DA:179,13
DA:180,13
DA:181,13
DA:183,13
DA:190,13
DA:191,13
DA:192,13
DA:195,4
DA:196,4
DA:197,4
DA:200,13
DA:201,1
DA:214,1
DA:216,0
DA:219,0
DA:222,1
DA:223,0
DA:224,0
DA:227,1
DA:228,1
DA:230,1
DA:231,0
DA:232,0
DA:241,1
DA:242,1
DA:243,1
DA:244,1
DA:245,1
DA:247,0
DA:249,1
DA:253,13
DA:254,4
DA:255,2
DA:256,2
DA:257,2
DA:258,2
DA:260,2
DA:261,2
DA:262,2
DA:263,1
DA:264,1
DA:266,0
DA:270,2
DA:271,2
DA:272,2
DA:273,0
DA:274,0
DA:276,1
DA:282,2
DA:283,2
DA:285,2
DA:287,2
DA:288,2
DA:290,2
DA:306,2
DA:309,13
DA:310,0
DA:311,0
DA:312,0
DA:315,0
DA:316,0
DA:317,0
DA:318,0
DA:320,0
DA:323,13
DA:324,1
DA:325,1
DA:327,1
DA:328,1
DA:330,0
DA:333,1
DA:334,1
DA:337,13
DA:338,1
DA:339,1
DA:340,1
DA:344,1
DA:346,1
DA:347,1
DA:348,1
DA:349,1
DA:350,1
DA:351,1
DA:352,1
DA:353,1
DA:354,1
DA:356,1
DA:359,13
DA:360,1
DA:361,0
DA:362,0
DA:365,1
DA:366,0
DA:369,0
DA:372,1
DA:373,0
DA:374,0
DA:378,1
DA:379,0
DA:380,0
DA:383,1
DA:384,1
DA:386,1
DA:399,1
DA:400,1
DA:401,1
DA:403,0
DA:405,1
DA:407,1
DA:410,13
DA:411,0
DA:416,0
DA:417,0
DA:419,0
DA:420,0
DA:421,0
DA:422,0
DA:424,0
DA:428,13
DA:429,0
DA:430,0
DA:431,0
DA:432,0
DA:433,0
DA:435,0
DA:437,0
DA:438,0
DA:441,13
DA:450,0
DA:455,0
DA:456,0
DA:457,0
DA:464,13
DA:470,13
DA:474,0
DA:475,0
DA:476,0
DA:477,0
DA:478,0
DA:479,0
DA:480,0
DA:481,0
DA:482,0
DA:483,0
DA:484,0
DA:493,0
DA:494,0
DA:496,0
DA:497,0
DA:500,0
DA:501,0
DA:505,0
DA:507,0
DA:508,0
DA:512,13
DA:513,4
DA:514,0
DA:515,0
DA:516,0
DA:517,0
DA:518,0
DA:519,0
DA:520,0
DA:537,0
DA:539,0
DA:544,13
DA:545,0
DA:548,13
DA:549,0
DA:550,0
DA:551,0
DA:552,0
DA:553,0
DA:556,13
DA:563,17
DA:568,0
DA:569,0
DA:570,0
DA:577,0
DA:578,0
DA:579,0
DA:587,1
DA:588,1
DA:589,1
DA:595,1
DA:596,1
DA:597,1
DA:598,1
DA:599,1
DA:616,13
DA:617,0
DA:621,13
DA:622,0
DA:626,13
DA:670,0
DA:733,0
DA:793,0
DA:853,0
DA:860,0
DA:911,0
DA:913,0
DA:914,0
DA:915,0
DA:916,0
DA:920,0
DA:921,0
DA:922,0
DA:923,0
DA:926,0
DA:938,0
LF:250
LH:142
BRDA:134,0,0,2
BRDA:134,0,1,0
BRDA:135,1,0,2
BRDA:135,1,1,2
BRDA:135,1,2,2
BRDA:135,1,3,2
BRDA:135,1,4,2
BRDA:135,1,5,2
BRDA:135,1,6,2
BRDA:135,1,7,2
BRDA:135,1,8,2
BRDA:135,1,9,0
BRDA:135,1,10,0
BRDA:214,2,0,0
BRDA:214,2,1,1
BRDA:222,3,0,0
BRDA:222,3,1,1
BRDA:230,4,0,0
BRDA:230,4,1,1
BRDA:242,5,0,1
BRDA:242,5,1,0
BRDA:256,6,0,2
BRDA:256,6,1,0
BRDA:256,7,0,2
BRDA:256,7,1,2
BRDA:311,8,0,0
BRDA:311,8,1,0
BRDA:327,9,0,1
BRDA:327,9,1,0
BRDA:339,10,0,1
BRDA:339,10,1,0
BRDA:360,11,0,0
BRDA:360,11,1,1
BRDA:365,12,0,0
BRDA:365,12,1,1
BRDA:372,13,0,0
BRDA:372,13,1,1
BRDA:378,14,0,0
BRDA:378,14,1,1
BRDA:400,15,0,1
BRDA:400,15,1,0
BRDA:400,16,0,1
BRDA:400,16,1,0
BRDA:416,17,0,0
BRDA:416,17,1,0
BRDA:420,18,0,0
BRDA:420,18,1,0
BRDA:431,19,0,0
BRDA:431,19,1,0
BRDA:475,20,0,0
BRDA:475,20,1,0
BRDA:476,21,0,0
BRDA:476,21,1,0
BRDA:478,22,0,0
BRDA:478,22,1,0
BRDA:478,23,0,0
BRDA:478,23,1,0
BRDA:514,24,0,0
BRDA:514,24,1,0
BRDA:516,25,0,0
BRDA:516,25,1,0
BRDA:516,26,0,0
BRDA:516,26,1,0
BRDA:551,27,0,0
BRDA:551,27,1,0
BRDA:597,28,0,1
BRDA:597,28,1,0
BRDA:634,29,0,13
BRDA:634,29,1,0
BRDA:894,30,0,13
BRDA:894,30,1,0
BRDA:915,31,0,0
BRDA:915,31,1,0
BRDA:934,32,0,13
BRDA:934,32,1,0
BRF:75
BRH:29
end_of_record
TN:
SF:src/pages/turmas/tests/turmas.mock.tsx
FN:12,(anonymous_0)
FN:13,(anonymous_1)
FN:16,(anonymous_2)
FN:17,(anonymous_3)
FNF:4
FNH:2
FNDA:1,(anonymous_0)
FNDA:1,(anonymous_1)
FNDA:0,(anonymous_2)
FNDA:0,(anonymous_3)
DA:6,1
DA:7,1
DA:10,1
DA:12,1
DA:13,1
DA:16,1
DA:17,0
LF:7
LH:6
BRF:0
BRH:0
end_of_record
TN:
SF:src/services/alunas.tsx
FN:4,(anonymous_0)
FN:13,(anonymous_1)
FN:17,(anonymous_2)
FN:18,(anonymous_3)
FN:21,(anonymous_4)
FN:25,(anonymous_5)
FN:26,(anonymous_6)
FN:30,(anonymous_7)
FN:40,(anonymous_8)
FN:43,(anonymous_9)
FN:44,(anonymous_10)
FNF:11
FNH:7
FNDA:2,(anonymous_0)
FNDA:3,(anonymous_1)
FNDA:1,(anonymous_2)
FNDA:2,(anonymous_3)
FNDA:0,(anonymous_4)
FNDA:0,(anonymous_5)
FNDA:0,(anonymous_6)
FNDA:1,(anonymous_7)
FNDA:1,(anonymous_8)
FNDA:1,(anonymous_9)
FNDA:0,(anonymous_10)
DA:4,4
DA:5,2
DA:6,2
DA:7,1
DA:9,1
DA:13,4
DA:15,3
DA:17,1
DA:18,2
DA:21,4
DA:23,0
DA:25,0
DA:26,0
DA:30,4
DA:32,1
DA:33,1
DA:34,1
DA:36,0
DA:40,4
DA:41,1
DA:43,1
DA:44,0
LF:22
LH:17
BRF:0
BRH:0
end_of_record
TN:
SF:src/services/api.tsx
FN:16,(anonymous_0)
FNF:1
FNH:1
FNDA:42,(anonymous_0)
DA:4,13
DA:8,13
DA:12,13
DA:16,13
DA:17,42
DA:18,42
DA:19,42
DA:22,13
DA:23,13
DA:24,13
LF:10
LH:10
BRF:0
BRH:0
end_of_record
TN:
SF:src/services/assistentes.tsx
FN:3,(anonymous_0)
FN:14,(anonymous_1)
FN:18,(anonymous_2)
FN:19,(anonymous_3)
FN:22,(anonymous_4)
FN:28,(anonymous_5)
FN:29,(anonymous_6)
FN:33,(anonymous_7)
FN:36,(anonymous_8)
FN:37,(anonymous_9)
FNF:10
FNH:8
FNDA:2,(anonymous_0)
FNDA:3,(anonymous_1)
FNDA:1,(anonymous_2)
FNDA:2,(anonymous_3)
FNDA:1,(anonymous_4)
FNDA:1,(anonymous_5)
FNDA:0,(anonymous_6)
FNDA:1,(anonymous_7)
FNDA:1,(anonymous_8)
FNDA:0,(anonymous_9)
DA:3,3
DA:5,2
DA:6,2
DA:7,1
DA:10,1
DA:14,3
DA:16,3
DA:18,1
DA:19,2
DA:22,3
DA:26,1
DA:28,1
DA:29,0
DA:33,3
DA:34,1
DA:36,1
DA:37,0
LF:17
LH:15
BRF:0
BRH:0
end_of_record
TN:
SF:src/services/auth.tsx
FN:13,LoginRequest
FN:39,setUserLocalStorage
FN:43,getUserLocalStorage
FNF:3
FNH:1
FNDA:0,LoginRequest
FNDA:0,setUserLocalStorage
FNDA:42,getUserLocalStorage
DA:5,16
DA:9,16
DA:18,0
DA:19,0
DA:20,0
DA:21,0
DA:22,0
DA:24,0
DA:26,0
DA:27,0
DA:30,0
DA:35,0
DA:40,0
DA:44,42
DA:46,42
DA:47,42
DA:50,0
LF:17
LH:5
BRDA:26,0,0,0
BRDA:26,0,1,0
BRDA:46,1,0,42
BRDA:46,1,1,0
BRF:4
BRH:1
end_of_record
TN:
SF:src/services/centroProdutivo.tsx
FN:5,(anonymous_0)
FN:8,(anonymous_1)
FN:9,(anonymous_2)
FN:12,(anonymous_3)
FN:15,(anonymous_4)
FN:16,(anonymous_5)
FN:19,(anonymous_6)
FN:23,(anonymous_7)
FN:24,(anonymous_8)
FN:27,(anonymous_9)
FN:30,(anonymous_10)
FN:31,(anonymous_11)
FN:34,(anonymous_12)
FN:46,(anonymous_13)
FN:50,(anonymous_14)
FN:51,(anonymous_15)
FN:54,(anonymous_16)
FN:57,(anonymous_17)
FN:58,(anonymous_18)
FN:61,(anonymous_19)
FN:67,(anonymous_20)
FN:68,(anonymous_21)
FN:71,confirmarAlunaCentro
FN:73,(anonymous_23)
FN:76,cancelarInscricaoAlunaCentro
FN:78,(anonymous_25)
FNF:26
FNH:2
FNDA:0,(anonymous_0)
FNDA:0,(anonymous_1)
FNDA:0,(anonymous_2)
FNDA:2,(anonymous_3)
FNDA:0,(anonymous_4)
FNDA:2,(anonymous_5)
FNDA:0,(anonymous_6)
FNDA:0,(anonymous_7)
FNDA:0,(anonymous_8)
FNDA:0,(anonymous_9)
FNDA:0,(anonymous_10)
FNDA:0,(anonymous_11)
FNDA:0,(anonymous_12)
FNDA:0,(anonymous_13)
FNDA:0,(anonymous_14)
FNDA:0,(anonymous_15)
FNDA:0,(anonymous_16)
FNDA:0,(anonymous_17)
FNDA:0,(anonymous_18)
FNDA:0,(anonymous_19)
FNDA:0,(anonymous_20)
FNDA:0,(anonymous_21)
FNDA:0,confirmarAlunaCentro
FNDA:0,(anonymous_23)
FNDA:0,cancelarInscricaoAlunaCentro
FNDA:0,(anonymous_25)
DA:5,2
DA:6,0
DA:8,0
DA:9,0
DA:12,2
DA:13,2
DA:15,0
DA:16,2
DA:19,2
DA:20,0
DA:21,0
DA:23,0
DA:24,0
DA:27,2
DA:28,0
DA:30,0
DA:31,0
DA:34,2
DA:36,0
DA:37,0
DA:38,0
DA:41,0
DA:46,2
DA:47,0
DA:48,0
DA:50,0
DA:51,0
DA:54,2
DA:55,0
DA:57,0
DA:58,0
DA:61,2
DA:65,0
DA:67,0
DA:68,0
DA:72,0
DA:73,0
DA:77,0
DA:78,0
LF:39
LH:10
BRF:0
BRH:0
end_of_record
TN:
SF:src/services/cursos.tsx
FN:4,(anonymous_0)
FN:7,(anonymous_1)
FN:8,(anonymous_2)
FN:11,(anonymous_3)
FN:14,(anonymous_4)
FN:15,(anonymous_5)
FN:18,(anonymous_6)
FN:21,(anonymous_7)
FN:22,(anonymous_8)
FN:25,(anonymous_9)
FN:28,(anonymous_10)
FN:29,(anonymous_11)
FN:32,(anonymous_12)
FN:35,(anonymous_13)
FN:36,(anonymous_14)
FNF:15
FNH:2
FNDA:0,(anonymous_0)
FNDA:0,(anonymous_1)
FNDA:0,(anonymous_2)
FNDA:8,(anonymous_3)
FNDA:0,(anonymous_4)
FNDA:6,(anonymous_5)
FNDA:0,(anonymous_6)
FNDA:0,(anonymous_7)
FNDA:0,(anonymous_8)
FNDA:0,(anonymous_9)
FNDA:0,(anonymous_10)
FNDA:0,(anonymous_11)
FNDA:0,(anonymous_12)
FNDA:0,(anonymous_13)
FNDA:0,(anonymous_14)
DA:4,4
DA:5,0
DA:7,0
DA:8,0
DA:11,4
DA:12,8
DA:14,0
DA:15,6
DA:18,4
DA:19,0
DA:21,0
DA:22,0
DA:25,4
DA:26,0
DA:28,0
DA:29,0
DA:32,4
DA:33,0
DA:35,0
DA:36,0
LF:20
LH:7
BRF:0
BRH:0
end_of_record
TN:
SF:src/services/instrucoes.tsx
FN:4,(anonymous_0)
FN:14,(anonymous_1)
FN:17,(anonymous_2)
FN:18,(anonymous_3)
FN:21,(anonymous_4)
FN:24,(anonymous_5)
FN:25,(anonymous_6)
FN:28,(anonymous_7)
FN:34,(anonymous_8)
FN:35,(anonymous_9)
FN:38,(anonymous_10)
FN:41,(anonymous_11)
FN:42,(anonymous_12)
FNF:13
FNH:2
FNDA:0,(anonymous_0)
FNDA:2,(anonymous_1)
FNDA:0,(anonymous_2)
FNDA:2,(anonymous_3)
FNDA:0,(anonymous_4)
FNDA:0,(anonymous_5)
FNDA:0,(anonymous_6)
FNDA:0,(anonymous_7)
FNDA:0,(anonymous_8)
FNDA:0,(anonymous_9)
FNDA:0,(anonymous_10)
FNDA:0,(anonymous_11)
FNDA:0,(anonymous_12)
DA:4,2
DA:5,0
DA:6,0
DA:7,0
DA:9,0
DA:10,0
DA:14,2
DA:15,2
DA:17,0
DA:18,2
DA:21,2
DA:22,0
DA:24,0
DA:25,0
DA:28,2
DA:32,0
DA:34,0
DA:35,0
DA:38,2
DA:39,0
DA:41,0
DA:42,0
LF:22
LH:7
BRF:0
BRH:0
end_of_record
TN:
SF:src/services/professores.tsx
FN:4,(anonymous_0)
FN:14,(anonymous_1)
FN:15,(anonymous_2)
FN:18,(anonymous_3)
FN:21,(anonymous_4)
FN:24,(anonymous_5)
FN:31,(anonymous_6)
FNF:7
FNH:7
FNDA:2,(anonymous_0)
FNDA:4,(anonymous_1)
FNDA:1,(anonymous_2)
FNDA:1,(anonymous_3)
FNDA:1,(anonymous_4)
FNDA:1,(anonymous_5)
FNDA:1,(anonymous_6)
DA:4,4
DA:5,2
DA:6,2
DA:7,1
DA:9,1
DA:10,1
DA:14,4
DA:15,4
DA:18,4
DA:19,1
DA:21,1
DA:24,4
DA:29,1
DA:31,1
LF:14
LH:14
BRF:0
BRH:0
end_of_record
TN:
SF:src/services/queryClient.tsx
FNF:0
FNH:0
DA:3,11
LF:1
LH:1
BRF:0
BRH:0
end_of_record
TN:
SF:src/services/supervisor.ts
FN:6,cadastrarSupervisor
FN:9,(anonymous_1)
FN:10,(anonymous_2)
FN:13,listarSupervisor
FN:16,(anonymous_4)
FN:19,editarSupervisor
FN:25,(anonymous_6)
FN:26,(anonymous_7)
FN:29,excluirSupervisor
FN:32,(anonymous_9)
FN:33,(anonymous_10)
FNF:11
FNH:2
FNDA:0,cadastrarSupervisor
FNDA:0,(anonymous_1)
FNDA:0,(anonymous_2)
FNDA:1,listarSupervisor
FNDA:1,(anonymous_4)
FNDA:0,editarSupervisor
FNDA:0,(anonymous_6)
FNDA:0,(anonymous_7)
FNDA:0,excluirSupervisor
FNDA:0,(anonymous_9)
FNDA:0,(anonymous_10)
DA:7,0
DA:9,0
DA:10,0
DA:14,1
DA:16,1
DA:23,0
DA:25,0
DA:26,0
DA:30,0
DA:32,0
DA:33,0
LF:11
LH:2
BRF:0
BRH:0
end_of_record
TN:
SF:src/services/turmas.tsx
FN:5,(anonymous_0)
FN:8,(anonymous_1)
FN:11,(anonymous_2)
FN:14,(anonymous_3)
FN:17,(anonymous_4)
FN:21,(anonymous_5)
FN:24,(anonymous_6)
FN:28,(anonymous_7)
FN:31,(anonymous_8)
FN:38,(anonymous_9)
FN:68,(anonymous_10)
FN:72,(anonymous_11)
FN:75,(anonymous_12)
FN:78,(anonymous_13)
FN:81,(anonymous_14)
FN:85,(anonymous_15)
FN:117,(anonymous_16)
FN:118,(anonymous_17)
FN:121,(anonymous_18)
FN:124,(anonymous_19)
FN:127,(anonymous_20)
FN:131,(anonymous_21)
FNF:22
FNH:2
FNDA:0,(anonymous_0)
FNDA:0,(anonymous_1)
FNDA:2,(anonymous_2)
FNDA:0,(anonymous_3)
FNDA:0,(anonymous_4)
FNDA:0,(anonymous_5)
FNDA:0,(anonymous_6)
FNDA:0,(anonymous_7)
FNDA:0,(anonymous_8)
FNDA:0,(anonymous_9)
FNDA:0,(anonymous_10)
FNDA:0,(anonymous_11)
FNDA:0,(anonymous_12)
FNDA:0,(anonymous_13)
FNDA:0,(anonymous_14)
FNDA:0,(anonymous_15)
FNDA:4,(anonymous_16)
FNDA:0,(anonymous_17)
FNDA:0,(anonymous_18)
FNDA:0,(anonymous_19)
FNDA:0,(anonymous_20)
FNDA:0,(anonymous_21)
DA:5,2
DA:6,0
DA:8,0
DA:11,2
DA:12,2
DA:14,0
DA:17,2
DA:19,0
DA:21,0
DA:24,2
DA:25,0
DA:28,0
DA:31,2
DA:35,0
DA:36,0
DA:38,0
DA:39,0
DA:41,0
DA:43,0
DA:44,0
DA:45,0
DA:46,0
DA:48,0
DA:49,0
DA:53,0
DA:55,0
DA:56,0
DA:61,0
DA:68,2
DA:70,0
DA:72,0
DA:75,2
DA:76,0
DA:78,0
DA:81,2
DA:82,0
DA:83,0
DA:85,0
DA:86,0
DA:89,0
DA:91,0
DA:92,0
DA:94,0
DA:97,0
DA:101,0
DA:104,0
DA:109,0
DA:113,0
DA:117,2
DA:118,4
DA:121,2
DA:122,0
DA:124,0
DA:127,2
DA:128,0
DA:132,0
LF:56
LH:13
BRDA:41,0,0,0
BRDA:41,0,1,0
BRDA:44,1,0,0
BRDA:44,1,1,0
BRDA:53,2,0,0
BRDA:53,2,1,0
BRDA:89,3,0,0
BRDA:89,3,1,0
BRDA:92,4,0,0
BRDA:92,4,1,0
BRDA:101,5,0,0
BRDA:101,5,1,0
BRF:12
BRH:0
end_of_record
TN:
SF:src/shared/components/ActionButton/ActionButton.tsx
FN:16,(anonymous_0)
FN:17,(anonymous_1)
FN:25,ActionButton
FNF:3
FNH:0
FNDA:0,(anonymous_0)
FNDA:0,(anonymous_1)
FNDA:0,ActionButton
DA:10,2
DA:16,0
DA:17,0
DA:26,0
LF:4
LH:1
BRF:0
BRH:0
end_of_record
TN:
SF:src/shared/components/ButtonAgendar/ButtonAgendar.tsx
FN:16,(anonymous_0)
FN:17,(anonymous_1)
FN:26,ButtonAgendar
FNF:3
FNH:3
FNDA:11,(anonymous_0)
FNDA:11,(anonymous_1)
FNDA:11,ButtonAgendar
DA:10,2
DA:16,11
DA:17,11
DA:27,11
LF:4
LH:4
BRF:0
BRH:0
end_of_record
TN:
SF:src/shared/components/Footer/footer.tsx
FN:8,(anonymous_0)
FN:18,(anonymous_1)
FN:23,Footer
FNF:3
FNH:3
FNDA:3,(anonymous_0)
FNDA:3,(anonymous_1)
FNDA:3,Footer
DA:6,3
DA:8,3
DA:13,3
DA:17,3
DA:18,3
DA:24,3
LF:6
LH:6
BRF:0
BRH:0
end_of_record
TN:
SF:src/shared/components/InputButtons/AddButton.tsx
FN:28,AddButton
FNF:1
FNH:0
FNDA:0,AddButton
DA:9,1
DA:29,0
LF:2
LH:1
BRF:0
BRH:0
end_of_record
TN:
SF:src/shared/components/Masks/ValueMask.tsx
FN:27,(anonymous_0)
FN:46,(anonymous_1)
FN:130,(anonymous_2)
FNF:3
FNH:3
FNDA:59,(anonymous_0)
FNDA:23,(anonymous_1)
FNDA:23,(anonymous_2)
DA:27,7
DA:28,59
DA:44,59
DA:46,59
DA:47,23
DA:48,0
DA:51,23
DA:52,23
DA:54,23
DA:56,3
DA:57,3
DA:59,3
DA:60,3
DA:64,3
DA:67,20
DA:69,2
DA:70,2
DA:72,2
DA:73,2
DA:75,2
DA:79,18
DA:88,9
DA:89,9
DA:91,9
DA:93,9
DA:97,9
DA:100,9
DA:102,8
DA:103,8
DA:105,8
DA:106,8
DA:107,8
DA:108,8
DA:109,8
DA:111,8
DA:114,1
DA:115,1
DA:116,1
DA:118,1
DA:119,1
DA:120,1
DA:121,1
DA:123,1
DA:126,1
DA:130,59
DA:131,23
DA:132,23
DA:134,23
DA:137,59
LF:49
LH:48
BRDA:47,0,0,0
BRDA:47,0,1,23
BRDA:54,1,0,3
BRDA:54,1,1,20
BRDA:54,2,0,23
BRDA:54,2,1,20
BRDA:59,3,0,3
BRDA:59,3,1,0
BRDA:60,4,0,3
BRDA:60,4,1,0
BRDA:61,5,0,3
BRDA:61,5,1,0
BRDA:62,6,0,3
BRDA:62,6,1,0
BRDA:67,7,0,2
BRDA:67,7,1,18
BRDA:67,8,0,20
BRDA:67,8,1,19
BRDA:72,9,0,2
BRDA:72,9,1,0
BRDA:73,10,0,2
BRDA:73,10,1,0
BRDA:79,11,0,9
BRDA:79,11,1,9
BRDA:80,12,0,18
BRDA:80,12,1,17
BRDA:80,12,2,11
BRDA:80,12,3,10
BRDA:80,12,4,9
BRDA:80,12,5,9
BRDA:91,13,0,9
BRDA:91,13,1,0
BRDA:93,14,0,9
BRDA:93,14,1,0
BRDA:94,15,0,9
BRDA:94,15,1,0
BRDA:100,16,0,8
BRDA:100,16,1,1
BRDA:100,17,0,9
BRDA:100,17,1,3
BRDA:105,18,0,8
BRDA:105,18,1,0
BRDA:106,19,0,8
BRDA:106,19,1,0
BRDA:107,20,0,8
BRDA:107,20,1,0
BRDA:108,21,0,8
BRDA:108,21,1,0
BRDA:114,22,0,1
BRDA:114,22,1,0
BRDA:114,23,0,1
BRDA:114,23,1,0
BRDA:118,24,0,1
BRDA:118,24,1,0
BRDA:119,25,0,1
BRDA:119,25,1,0
BRDA:120,26,0,1
BRDA:120,26,1,0
BRDA:121,27,0,1
BRDA:121,27,1,0
BRDA:142,28,0,59
BRDA:142,28,1,59
BRF:62
BRH:42
end_of_record
TN:
SF:src/shared/components/Navbar/navbar.tsx
FN:10,(anonymous_0)
FN:30,(anonymous_1)
FN:37,(anonymous_2)
FN:38,(anonymous_3)
FN:44,(anonymous_4)
FN:50,Navbar
FN:74,(anonymous_6)
FN:79,(anonymous_7)
FNF:8
FNH:7
FNDA:5,(anonymous_0)
FNDA:5,(anonymous_1)
FNDA:10,(anonymous_2)
FNDA:10,(anonymous_3)
FNDA:10,(anonymous_4)
FNDA:5,Navbar
FNDA:10,(anonymous_6)
FNDA:0,(anonymous_7)
DA:7,6
DA:10,5
DA:16,6
DA:23,6
DA:29,6
DA:30,5
DA:37,10
DA:39,10
DA:44,10
DA:51,5
DA:52,5
DA:54,5
DA:69,5
DA:75,10
DA:79,0
LF:15
LH:14
BRDA:39,0,0,5
BRDA:39,0,1,5
BRDA:86,1,0,5
BRDA:86,1,1,4
BRDA:87,2,0,0
BRDA:87,2,1,4
BRF:6
BRH:5
end_of_record
TN:
SF:src/shared/components/NavbarLogada/navbarLogada.tsx
FN:8,(anonymous_0)
FN:21,(anonymous_1)
FN:43,(anonymous_2)
FN:51,(anonymous_3)
FN:66,Navbarlog
FNF:5
FNH:3
FNDA:100,(anonymous_0)
FNDA:100,(anonymous_1)
FNDA:0,(anonymous_2)
FNDA:0,(anonymous_3)
FNDA:100,Navbarlog
DA:5,9
DA:8,100
DA:20,9
DA:21,100
DA:31,9
DA:37,9
DA:42,9
DA:43,0
DA:50,9
DA:51,0
DA:59,9
DA:67,100
LF:12
LH:10
BRF:0
BRH:0
end_of_record
TN:
SF:src/shared/components/PrimaryButton/PrimaryButton.tsx
FN:16,(anonymous_0)
FN:17,(anonymous_1)
FN:25,PrimaryButton
FNF:3
FNH:3
FNDA:127,(anonymous_0)
FNDA:127,(anonymous_1)
FNDA:127,PrimaryButton
DA:10,13
DA:16,127
DA:17,127
DA:26,127
LF:4
LH:4
BRF:0
BRH:0
end_of_record
TN:
SF:src/shared/components/Sidebar/sidebar.tsx
FN:39,(anonymous_0)
FN:49,(anonymous_1)
FN:50,(anonymous_2)
FN:51,(anonymous_3)
FN:52,(anonymous_4)
FN:82,Sidebar
FN:207,(anonymous_6)
FN:218,(anonymous_7)
FNF:8
FNH:2
FNDA:0,(anonymous_0)
FNDA:0,(anonymous_1)
FNDA:0,(anonymous_2)
FNDA:0,(anonymous_3)
FNDA:0,(anonymous_4)
FNDA:108,Sidebar
FNDA:0,(anonymous_6)
FNDA:1000,(anonymous_7)
DA:32,9
DA:39,9
DA:49,0
DA:50,0
DA:51,0
DA:52,0
DA:55,9
DA:63,9
DA:83,108
DA:84,100
DA:85,100
DA:87,100
DA:208,0
DA:209,0
DA:215,100
DA:219,1000
DA:220,0
DA:232,1000
LF:18
LH:11
BRDA:49,0,0,0
BRDA:49,0,1,0
BRDA:50,1,0,0
BRDA:50,1,1,0
BRDA:51,2,0,0
BRDA:51,2,1,0
BRDA:52,3,0,0
BRDA:52,3,1,0
BRDA:94,4,0,100
BRDA:94,4,1,0
BRDA:106,5,0,0
BRDA:106,5,1,100
BRDA:118,6,0,0
BRDA:118,6,1,100
BRDA:130,7,0,0
BRDA:130,7,1,100
BRDA:142,8,0,0
BRDA:142,8,1,100
BRDA:154,9,0,0
BRDA:154,9,1,100
BRDA:166,10,0,0
BRDA:166,10,1,100
BRDA:178,11,0,0
BRDA:178,11,1,100
BRDA:191,12,0,0
BRDA:191,12,1,100
BRDA:203,13,0,0
BRDA:203,13,1,100
BRDA:219,14,0,0
BRDA:219,14,1,1000
BRDA:219,15,0,1000
BRDA:219,15,1,0
BRF:32
BRH:12
end_of_record
TN:
SF:src/shared/components/Style/style.tsx
FN:3,(anonymous_0)
FN:8,(anonymous_1)
FN:13,(anonymous_2)
FN:22,(anonymous_3)
FN:33,(anonymous_4)
FN:43,(anonymous_5)
FN:53,(anonymous_6)
FNF:7
FNH:7
FNDA:8,(anonymous_0)
FNDA:52,(anonymous_1)
FNDA:8,(anonymous_2)
FNDA:8,(anonymous_3)
FNDA:8,(anonymous_4)
FNDA:8,(anonymous_5)
FNDA:8,(anonymous_6)
DA:3,5
DA:4,8
DA:8,52
DA:13,5
DA:14,8
DA:22,5
DA:23,8
DA:33,5
DA:34,8
DA:43,5
DA:44,8
DA:53,5
DA:54,8
LF:13
LH:13
BRF:0
BRH:0
end_of_record
TN:
SF:src/shared/components/TablePagination/tablePagination.tsx
FN:10,TablePagination
FNF:1
FNH:1
FNDA:89,TablePagination
DA:11,89
LF:1
LH:1
BRF:0
BRH:0
end_of_record
TN:
SF:src/shared/components/Title/Title.tsx
FN:9,(anonymous_0)
FN:10,(anonymous_1)
FN:11,(anonymous_2)
FNF:3
FNH:3
FNDA:1,(anonymous_0)
FNDA:1,(anonymous_1)
FNDA:1,(anonymous_2)
DA:8,1
DA:9,1
DA:10,1
DA:11,1
LF:4
LH:4
BRF:0
BRH:0
end_of_record
TN:
SF:src/shared/validations/removeSpecialCharacters.tsx
FN:1,removeSpecialCharacters
FNF:1
FNH:1
FNDA:15,removeSpecialCharacters
DA:2,15
DA:3,13
DA:5,2
LF:3
LH:3
BRDA:2,0,0,13
BRDA:2,0,1,2
BRDA:2,1,0,15
BRDA:2,1,1,2
BRF:4
BRH:4
end_of_record
TN:
SF:src/shared/validations/validarCPF.tsx
FN:3,(anonymous_0)
FN:45,(anonymous_1)
FNF:2
FNH:2
FNDA:6,(anonymous_0)
FNDA:6,(anonymous_1)
DA:3,5
DA:4,6
DA:7,6
DA:8,0
DA:12,6
DA:13,1
DA:17,5
DA:18,5
DA:19,45
DA:21,5
DA:22,5
DA:23,1
DA:25,5
DA:26,0
DA:30,5
DA:31,5
DA:32,50
DA:34,5
DA:35,5
DA:36,0
DA:38,5
DA:39,0
DA:42,5
DA:45,5
DA:47,6
DA:48,6
DA:49,1
DA:50,1
DA:52,5
LF:29
LH:25
BRDA:7,0,0,0
BRDA:7,0,1,6
BRDA:12,1,0,1
BRDA:12,1,1,5
BRDA:22,2,0,1
BRDA:22,2,1,4
BRDA:22,3,0,5
BRDA:22,3,1,4
BRDA:25,4,0,0
BRDA:25,4,1,5
BRDA:35,5,0,0
BRDA:35,5,1,5
BRDA:35,6,0,5
BRDA:35,6,1,5
BRDA:38,7,0,0
BRDA:38,7,1,5
BRDA:48,8,0,1
BRDA:48,8,1,5
BRF:18
BRH:14
end_of_record
TN:
SF:src/shared/validations/validarDataNascimento.tsx
FN:3,(anonymous_0)
FN:28,(anonymous_1)
FNF:2
FNH:2
FNDA:8,(anonymous_0)
FNDA:6,(anonymous_1)
DA:3,5
DA:4,8
DA:5,8
DA:6,1
DA:7,1
DA:9,7
DA:11,7
DA:12,0
DA:13,0
DA:15,7
DA:16,7
DA:17,7
DA:22,1
DA:23,1
DA:25,6
DA:28,5
DA:29,6
DA:30,6
DA:31,6
DA:32,6
DA:33,6
DA:37,1
DA:39,6
DA:40,1
DA:41,1
DA:43,5
LF:26
LH:24
BRDA:5,0,0,1
BRDA:5,0,1,7
BRDA:11,1,0,0
BRDA:11,1,1,7
BRDA:17,2,0,1
BRDA:17,2,1,6
BRDA:18,3,0,7
BRDA:18,3,1,7
BRDA:18,3,2,6
BRDA:33,4,0,1
BRDA:33,4,1,5
BRDA:34,5,0,6
BRDA:34,5,1,5
BRDA:34,5,2,1
BRDA:39,6,0,1
BRDA:39,6,1,5
BRF:16
BRH:15
end_of_record
TN:
SF:src/shared/validations/validarEmail.tsx
FN:4,(anonymous_0)
FNF:1
FNH:1
FNDA:8,(anonymous_0)
DA:4,5
DA:5,8
DA:6,8
DA:7,2
DA:8,2
DA:10,6
LF:6
LH:6
BRDA:6,0,0,2
BRDA:6,0,1,6
BRF:2
BRH:2
end_of_record
TN:
SF:src/shared/validations/validarLogin.tsx
FN:3,(anonymous_0)
FNF:1
FNH:1
FNDA:4,(anonymous_0)
DA:3,5
DA:4,4
DA:5,1
DA:6,1
DA:8,3
LF:5
LH:5
BRDA:4,0,0,1
BRDA:4,0,1,3
BRF:2
BRH:2
end_of_record
TN:
SF:src/shared/validations/validarNome.tsx
FN:3,(anonymous_0)
FNF:1
FNH:1
FNDA:7,(anonymous_0)
DA:3,5
DA:4,7
DA:5,1
DA:6,1
DA:8,6
LF:5
LH:5
BRDA:4,0,0,1
BRDA:4,0,1,6
BRF:2
BRH:2
end_of_record
TN:
SF:src/shared/validations/validarSenha.tsx
FN:3,(anonymous_0)
FNF:1
FNH:1
FNDA:4,(anonymous_0)
DA:3,5
DA:4,4
DA:5,1
DA:6,1
DA:8,3
LF:5
LH:5
BRDA:4,0,0,1
BRDA:4,0,1,3
BRF:2
BRH:2
end_of_record
TN:
SF:src/styles/theme.ts
FNF:0
FNH:0
DA:1,13
LF:1
LH:1
BRF:0
BRH:0
end_of_record
