TN:
SF:src/routes.tsx
FN:29,(anonymous_0)
FN:45,AppRoutes
FN:71,(anonymous_2)
FNF:3
FNH:1
FNDA:0,(anonymous_0)
FNDA:1,AppRoutes
FNDA:0,(anonymous_2)
DA:29,1
DA:32,0
DA:34,0
DA:35,0
DA:42,0
DA:46,1
DA:71,0
LF:7
LH:2
BRDA:34,0,0,0
BRDA:34,0,1,0
BRDA:42,1,0,0
BRDA:42,1,1,0
BRF:4
BRH:0
end_of_record
TN:
SF:src/context/AuthProvider.tsx
FN:32,(anonymous_0)
FN:37,authenticate
FN:53,(anonymous_2)
FN:54,loadUser
FN:58,(anonymous_4)
FN:70,logout
FNF:6
FNH:0
FNDA:0,(anonymous_0)
FNDA:0,authenticate
FNDA:0,(anonymous_2)
FNDA:0,loadUser
FNDA:0,(anonymous_4)
FNDA:0,logout
DA:29,13
DA:32,13
DA:33,0
DA:34,0
DA:35,0
DA:38,0
DA:39,0
DA:41,0
DA:47,0
DA:48,0
DA:49,0
DA:50,0
DA:53,0
DA:55,0
DA:57,0
DA:58,0
DA:60,0
DA:61,0
DA:63,0
DA:67,0
DA:71,0
DA:72,0
DA:75,0
LF:23
LH:2
BRDA:60,0,0,0
BRDA:60,0,1,0
BRF:2
BRH:0
end_of_record
TN:
SF:src/pages/alunas/alunas.tsx
FN:67,Alunas
FN:73,(anonymous_1)
FN:74,(anonymous_2)
FN:80,(anonymous_3)
FN:81,(anonymous_4)
FN:93,transformDate
FN:99,(anonymous_6)
FN:184,(anonymous_7)
FN:192,(anonymous_8)
FN:198,(anonymous_9)
FN:225,(anonymous_10)
FN:226,(anonymous_11)
FN:241,(anonymous_12)
FN:242,(anonymous_13)
FN:267,(anonymous_14)
FN:349,(anonymous_15)
FN:354,(anonymous_16)
FN:367,(anonymous_17)
FN:369,(anonymous_18)
FN:475,(anonymous_19)
FN:484,(anonymous_20)
FN:513,(anonymous_21)
FN:522,(anonymous_22)
FN:591,(anonymous_23)
FNF:24
FNH:19
FNDA:15,Alunas
FNDA:2,(anonymous_1)
FNDA:1,(anonymous_2)
FNDA:1,(anonymous_3)
FNDA:1,(anonymous_4)
FNDA:2,transformDate
FNDA:1,(anonymous_6)
FNDA:2,(anonymous_7)
FNDA:4,(anonymous_8)
FNDA:2,(anonymous_9)
FNDA:1,(anonymous_10)
FNDA:1,(anonymous_11)
FNDA:1,(anonymous_12)
FNDA:1,(anonymous_13)
FNDA:1,(anonymous_14)
FNDA:14,(anonymous_15)
FNDA:1,(anonymous_16)
FNDA:1,(anonymous_17)
FNDA:1,(anonymous_18)
FNDA:0,(anonymous_19)
FNDA:0,(anonymous_20)
FNDA:0,(anonymous_21)
FNDA:0,(anonymous_22)
FNDA:0,(anonymous_23)
DA:60,2
DA:61,2
DA:62,2
DA:63,2
DA:64,2
DA:65,2
DA:69,15
DA:70,14
DA:71,14
DA:72,14
DA:73,14
DA:74,14
DA:75,14
DA:76,14
DA:77,14
DA:78,14
DA:79,14
DA:80,14
DA:81,14
DA:83,14
DA:91,14
DA:94,2
DA:95,2
DA:96,2
DA:99,14
DA:101,1
DA:120,1
DA:121,1
DA:122,0
DA:125,1
DA:126,1
DA:127,0
DA:130,1
DA:131,1
DA:132,0
DA:136,1
DA:138,1
DA:140,1
DA:141,0
DA:142,0
DA:144,1
DA:146,1
DA:148,1
DA:149,1
DA:150,0
DA:153,1
DA:154,1
DA:155,0
DA:158,1
DA:159,1
DA:160,0
DA:163,1
DA:164,1
DA:165,0
DA:169,1
DA:170,1
DA:171,1
DA:172,1
DA:174,1
DA:175,1
DA:176,1
DA:177,1
DA:179,0
DA:181,1
DA:184,14
DA:185,2
DA:186,2
DA:187,2
DA:189,0
DA:192,14
DA:194,4
DA:196,4
DA:197,4
DA:198,2
DA:200,2
DA:201,2
DA:203,2
DA:221,4
DA:225,14
DA:226,1
DA:227,1
DA:228,1
DA:229,1
DA:230,1
DA:231,1
DA:233,0
DA:236,1
DA:237,1
DA:241,14
DA:242,1
DA:243,1
DA:244,1
DA:248,1
DA:250,1
DA:251,1
DA:252,1
DA:253,1
DA:254,1
DA:255,1
DA:256,1
DA:257,1
DA:258,1
DA:259,1
DA:260,1
DA:261,1
DA:263,1
DA:267,14
DA:270,1
DA:271,1
DA:272,0
DA:275,1
DA:276,1
DA:277,0
DA:280,1
DA:281,1
DA:282,0
DA:285,1
DA:287,1
DA:289,1
DA:290,0
DA:291,0
DA:293,1
DA:295,1
DA:297,1
DA:298,1
DA:299,0
DA:302,1
DA:303,1
DA:304,0
DA:308,1
DA:309,1
DA:310,1
DA:311,1
DA:314,1
DA:331,1
DA:332,1
DA:333,1
DA:335,0
DA:337,1
DA:338,1
DA:343,14
DA:349,14
DA:355,1
DA:356,1
DA:357,1
DA:368,1
DA:369,1
DA:370,1
DA:371,1
DA:372,1
DA:386,14
DA:476,0
DA:485,0
DA:514,0
DA:523,0
DA:591,0
LF:156
LH:131
BRDA:121,0,0,0
BRDA:121,0,1,1
BRDA:126,1,0,0
BRDA:126,1,1,1
BRDA:131,2,0,0
BRDA:131,2,1,1
BRDA:140,3,0,0
BRDA:140,3,1,1
BRDA:149,4,0,0
BRDA:149,4,1,1
BRDA:154,5,0,0
BRDA:154,5,1,1
BRDA:159,6,0,0
BRDA:159,6,1,1
BRDA:164,7,0,0
BRDA:164,7,1,1
BRDA:175,8,0,1
BRDA:175,8,1,0
BRDA:186,9,0,2
BRDA:186,9,1,0
BRDA:197,10,0,2
BRDA:197,10,1,2
BRDA:197,11,0,4
BRDA:197,11,1,2
BRDA:227,12,0,1
BRDA:227,12,1,0
BRDA:230,13,0,1
BRDA:230,13,1,0
BRDA:243,14,0,1
BRDA:243,14,1,0
BRDA:271,15,0,0
BRDA:271,15,1,1
BRDA:276,16,0,0
BRDA:276,16,1,1
BRDA:281,17,0,0
BRDA:281,17,1,1
BRDA:289,18,0,0
BRDA:289,18,1,1
BRDA:298,19,0,0
BRDA:298,19,1,1
BRDA:303,20,0,0
BRDA:303,20,1,1
BRDA:332,21,0,1
BRDA:332,21,1,0
BRDA:332,22,0,1
BRDA:332,22,1,0
BRDA:370,23,0,1
BRDA:370,23,1,0
BRDA:468,24,0,0
BRDA:468,24,1,14
BRDA:472,25,0,0
BRDA:472,25,1,14
BRDA:506,26,0,0
BRDA:506,26,1,14
BRDA:510,27,0,0
BRDA:510,27,1,14
BRDA:533,28,0,14
BRDA:533,28,1,0
BRF:58
BRH:31
end_of_record
TN:
SF:src/pages/alunas/tests/alunas.mock.ts
FN:10,(anonymous_0)
FN:24,(anonymous_1)
FN:25,(anonymous_2)
FNF:3
FNH:3
FNDA:1,(anonymous_0)
FNDA:1,(anonymous_1)
FNDA:1,(anonymous_2)
DA:6,1
DA:7,1
DA:10,1
DA:11,1
DA:12,1
DA:15,1
DA:17,1
DA:20,0
DA:24,1
DA:25,1
LF:10
LH:9
BRDA:15,0,0,1
BRDA:15,0,1,0
BRDA:15,1,0,1
BRDA:15,1,1,1
BRF:4
BRH:3
end_of_record
TN:
SF:src/pages/assistentes/assistentes.tsx
FN:55,transformDate
FN:68,Assistentes
FN:76,(anonymous_2)
FN:77,(anonymous_3)
FN:78,(anonymous_4)
FN:79,(anonymous_5)
FN:90,(anonymous_6)
FN:167,(anonymous_7)
FN:175,(anonymous_8)
FN:180,(anonymous_9)
FN:202,(anonymous_10)
FN:203,(anonymous_11)
FN:219,(anonymous_12)
FN:220,(anonymous_13)
FN:238,(anonymous_14)
FN:316,(anonymous_15)
FN:320,(anonymous_16)
FN:330,(anonymous_17)
FN:428,(anonymous_18)
FN:437,(anonymous_19)
FN:469,(anonymous_20)
FN:478,(anonymous_21)
FN:511,(anonymous_22)
FNF:23
FNH:17
FNDA:2,transformDate
FNDA:13,Assistentes
FNDA:1,(anonymous_2)
FNDA:1,(anonymous_3)
FNDA:2,(anonymous_4)
FNDA:0,(anonymous_5)
FNDA:1,(anonymous_6)
FNDA:2,(anonymous_7)
FNDA:4,(anonymous_8)
FNDA:2,(anonymous_9)
FNDA:1,(anonymous_10)
FNDA:1,(anonymous_11)
FNDA:1,(anonymous_12)
FNDA:1,(anonymous_13)
FNDA:1,(anonymous_14)
FNDA:14,(anonymous_15)
FNDA:1,(anonymous_16)
FNDA:1,(anonymous_17)
FNDA:0,(anonymous_18)
FNDA:0,(anonymous_19)
FNDA:0,(anonymous_20)
FNDA:0,(anonymous_21)
FNDA:0,(anonymous_22)
DA:56,2
DA:57,2
DA:58,2
DA:61,2
DA:62,2
DA:63,2
DA:64,2
DA:65,2
DA:66,2
DA:69,13
DA:70,12
DA:71,12
DA:72,12
DA:73,12
DA:74,12
DA:75,12
DA:76,12
DA:77,12
DA:78,12
DA:79,12
DA:80,12
DA:81,12
DA:88,12
DA:90,12
DA:91,1
DA:106,1
DA:107,1
DA:108,0
DA:111,1
DA:112,1
DA:113,0
DA:116,1
DA:117,1
DA:118,0
DA:122,1
DA:124,1
DA:126,1
DA:127,0
DA:128,0
DA:130,1
DA:132,1
DA:134,1
DA:135,1
DA:136,0
DA:139,1
DA:140,1
DA:141,0
DA:144,1
DA:145,1
DA:146,0
DA:149,1
DA:150,1
DA:151,0
DA:154,1
DA:155,1
DA:156,1
DA:158,1
DA:160,1
DA:161,1
DA:162,1
DA:163,1
DA:167,12
DA:168,2
DA:169,2
DA:170,2
DA:172,0
DA:175,12
DA:176,4
DA:178,4
DA:179,4
DA:180,2
DA:182,2
DA:183,2
DA:185,2
DA:199,4
DA:202,12
DA:203,1
DA:204,1
DA:205,1
DA:206,1
DA:208,1
DA:209,1
DA:211,0
DA:214,1
DA:215,1
DA:219,12
DA:220,1
DA:221,1
DA:222,1
DA:226,1
DA:227,1
DA:229,1
DA:230,1
DA:231,1
DA:232,1
DA:233,1
DA:234,1
DA:235,1
DA:238,12
DA:241,1
DA:242,1
DA:243,0
DA:246,1
DA:247,1
DA:248,0
DA:251,1
DA:252,1
DA:253,0
DA:256,1
DA:258,1
DA:260,1
DA:261,0
DA:262,0
DA:264,1
DA:266,1
DA:268,1
DA:269,1
DA:270,0
DA:273,1
DA:274,1
DA:275,0
DA:279,1
DA:280,1
DA:281,1
DA:282,1
DA:285,1
DA:297,1
DA:298,1
DA:299,1
DA:300,1
DA:301,1
DA:302,1
DA:310,12
DA:316,14
DA:321,1
DA:331,1
DA:332,1
DA:351,12
DA:429,0
DA:438,0
DA:470,0
DA:479,0
DA:511,0
LF:143
LH:120
BRDA:107,0,0,0
BRDA:107,0,1,1
BRDA:112,1,0,0
BRDA:112,1,1,1
BRDA:117,2,0,0
BRDA:117,2,1,1
BRDA:126,3,0,0
BRDA:126,3,1,1
BRDA:135,4,0,0
BRDA:135,4,1,1
BRDA:140,5,0,0
BRDA:140,5,1,1
BRDA:145,6,0,0
BRDA:145,6,1,1
BRDA:150,7,0,0
BRDA:150,7,1,1
BRDA:160,8,0,1
BRDA:160,8,1,0
BRDA:169,9,0,2
BRDA:169,9,1,0
BRDA:179,10,0,2
BRDA:179,10,1,2
BRDA:179,11,0,4
BRDA:179,11,1,2
BRDA:204,12,0,1
BRDA:204,12,1,0
BRDA:208,13,0,1
BRDA:208,13,1,0
BRDA:221,14,0,1
BRDA:221,14,1,0
BRDA:242,15,0,0
BRDA:242,15,1,1
BRDA:247,16,0,0
BRDA:247,16,1,1
BRDA:252,17,0,0
BRDA:252,17,1,1
BRDA:260,18,0,0
BRDA:260,18,1,1
BRDA:269,19,0,0
BRDA:269,19,1,1
BRDA:274,20,0,0
BRDA:274,20,1,1
BRDA:298,21,0,1
BRDA:298,21,1,0
BRDA:421,22,0,0
BRDA:421,22,1,12
BRDA:425,23,0,0
BRDA:425,23,1,12
BRDA:462,24,0,0
BRDA:462,24,1,12
BRDA:466,25,0,0
BRDA:466,25,1,12
BRDA:489,26,0,12
BRDA:489,26,1,0
BRF:54
BRH:29
end_of_record
TN:
SF:src/pages/assistentes/dtos/NotaAlunoCadastrarDTO.tsx
FNF:0
FNH:0
LF:0
LH:0
BRF:0
BRH:0
end_of_record
TN:
SF:src/pages/assistentes/tests/assistentes.mock.tsx
FN:12,(anonymous_0)
FN:13,(anonymous_1)
FNF:2
FNH:2
FNDA:1,(anonymous_0)
FNDA:1,(anonymous_1)
DA:6,1
DA:7,1
DA:10,1
DA:12,1
DA:13,1
LF:5
LH:5
BRF:0
BRH:0
end_of_record
TN:
SF:src/pages/cadastroInstrucao/cursoSelect.tsx
FN:40,(anonymous_0)
FN:41,(anonymous_1)
FN:50,(anonymous_2)
FNF:3
FNH:1
FNDA:10,(anonymous_0)
FNDA:0,(anonymous_1)
FNDA:0,(anonymous_2)
DA:11,2
DA:40,2
DA:41,10
DA:42,0
DA:43,0
DA:46,10
DA:51,0
LF:7
LH:4
BRDA:42,0,0,0
BRDA:42,0,1,0
BRF:2
BRH:0
end_of_record
TN:
SF:src/pages/cadastroInstrucao/instrucao.tsx
FN:46,Instrucao
FN:50,(anonymous_1)
FN:51,(anonymous_2)
FN:53,(anonymous_3)
FN:59,(anonymous_4)
FN:60,(anonymous_5)
FN:70,(anonymous_6)
FN:93,(anonymous_7)
FN:112,(anonymous_8)
FN:113,(anonymous_9)
FN:128,(anonymous_10)
FN:148,(anonymous_11)
FNF:12
FNH:10
FNDA:11,Instrucao
FNDA:2,(anonymous_1)
FNDA:1,(anonymous_2)
FNDA:0,(anonymous_3)
FNDA:4,(anonymous_4)
FNDA:4,(anonymous_5)
FNDA:4,(anonymous_6)
FNDA:1,(anonymous_7)
FNDA:1,(anonymous_8)
FNDA:1,(anonymous_9)
FNDA:1,(anonymous_10)
FNDA:0,(anonymous_11)
DA:37,2
DA:38,2
DA:39,2
DA:40,2
DA:41,2
DA:42,2
DA:48,11
DA:49,10
DA:50,10
DA:51,10
DA:52,10
DA:53,10
DA:54,10
DA:55,10
DA:56,10
DA:57,10
DA:59,10
DA:60,4
DA:61,4
DA:62,4
DA:63,4
DA:65,4
DA:67,0
DA:70,4
DA:71,4
DA:72,4
DA:73,3
DA:74,3
DA:76,0
DA:80,4
DA:81,4
DA:84,10
DA:91,10
DA:93,10
DA:94,1
DA:95,1
DA:102,1
DA:103,1
DA:104,1
DA:105,1
DA:107,0
DA:109,1
DA:112,10
DA:113,1
DA:114,1
DA:115,1
DA:119,1
DA:120,1
DA:121,1
DA:122,1
DA:123,1
DA:124,1
DA:128,10
DA:130,1
DA:138,1
DA:139,1
DA:140,1
DA:142,0
DA:144,1
DA:145,1
DA:148,10
DA:150,0
DA:151,0
DA:152,0
DA:154,0
DA:155,0
DA:156,0
DA:157,0
DA:158,0
DA:160,0
DA:165,10
LF:71
LH:58
BRDA:103,0,0,1
BRDA:103,0,1,0
BRDA:114,1,0,1
BRDA:114,1,1,0
BRDA:139,2,0,1
BRDA:139,2,1,0
BRDA:139,3,0,1
BRDA:139,3,1,0
BRDA:139,3,2,0
BRDA:151,4,0,0
BRDA:151,4,1,0
BRDA:155,5,0,0
BRDA:155,5,1,0
BRDA:155,6,0,0
BRDA:155,6,1,0
BRDA:167,7,0,10
BRDA:167,7,1,10
BRDA:171,8,0,10
BRDA:171,8,1,0
BRDA:180,9,0,10
BRDA:180,9,1,0
BRDA:180,10,0,10
BRDA:180,10,1,10
BRF:23
BRH:10
end_of_record
TN:
SF:src/pages/cadastroInstrucao/item.tsx
FN:82,Item
FN:85,(anonymous_1)
FN:87,(anonymous_2)
FN:90,(anonymous_3)
FN:94,(anonymous_4)
FN:98,(anonymous_5)
FN:136,(anonymous_6)
FN:145,(anonymous_7)
FN:172,(anonymous_8)
FNF:9
FNH:7
FNDA:7,Item
FNDA:1,(anonymous_1)
FNDA:1,(anonymous_2)
FNDA:0,(anonymous_3)
FNDA:1,(anonymous_4)
FNDA:1,(anonymous_5)
FNDA:1,(anonymous_6)
FNDA:1,(anonymous_7)
FNDA:0,(anonymous_8)
DA:21,2
DA:83,7
DA:84,6
DA:85,6
DA:86,6
DA:87,6
DA:88,6
DA:90,6
DA:91,0
DA:94,6
DA:95,1
DA:98,6
DA:99,1
DA:100,1
DA:101,1
DA:102,1
DA:103,1
DA:105,0
DA:108,1
DA:109,1
DA:122,6
DA:137,1
DA:146,1
DA:172,0
LF:24
LH:21
BRDA:100,0,0,1
BRDA:100,0,1,0
BRDA:102,1,0,1
BRDA:102,1,1,0
BRDA:131,2,0,6
BRDA:131,2,1,6
BRDA:131,2,2,6
BRDA:170,3,0,6
BRDA:170,3,1,0
BRF:9
BRH:6
end_of_record
TN:
SF:src/pages/cadastroInstrucao/visualizarInstrucao.tsx
FN:17,(anonymous_0)
FN:18,(anonymous_1)
FN:26,(anonymous_2)
FNF:3
FNH:3
FNDA:11,(anonymous_0)
FNDA:1,(anonymous_1)
FNDA:4,(anonymous_2)
DA:8,2
DA:17,2
DA:18,11
DA:20,1
DA:21,1
DA:24,11
DA:27,4
LF:7
LH:7
BRF:0
BRH:0
end_of_record
TN:
SF:src/pages/cadastroInstrucao/tests/instrucoes.mock.tsx
FN:13,(anonymous_0)
FN:14,(anonymous_1)
FN:17,(anonymous_2)
FN:18,(anonymous_3)
FNF:4
FNH:2
FNDA:1,(anonymous_0)
FNDA:1,(anonymous_1)
FNDA:0,(anonymous_2)
FNDA:0,(anonymous_3)
DA:6,1
DA:7,1
DA:10,1
DA:13,1
DA:14,1
DA:17,1
DA:18,0
LF:7
LH:6
BRF:0
BRH:0
end_of_record
TN:
SF:src/pages/centroProdutivo/alunasSelect.tsx
FN:48,(anonymous_0)
FN:49,(anonymous_1)
FN:58,(anonymous_2)
FNF:3
FNH:0
FNDA:0,(anonymous_0)
FNDA:0,(anonymous_1)
FNDA:0,(anonymous_2)
DA:15,0
DA:48,0
DA:49,0
DA:50,0
DA:51,0
DA:54,0
DA:59,0
LF:7
LH:0
BRDA:50,0,0,0
BRDA:50,0,1,0
BRF:2
BRH:0
end_of_record
TN:
SF:src/pages/centroProdutivo/centroProdutivo.tsx
FN:64,transformDate
FN:73,(anonymous_1)
FN:125,CentroProdutivo
FN:129,(anonymous_3)
FN:130,(anonymous_4)
FN:131,(anonymous_5)
FN:132,(anonymous_6)
FN:152,(anonymous_7)
FN:153,(anonymous_8)
FN:163,(anonymous_9)
FN:166,(anonymous_10)
FN:180,(anonymous_11)
FN:193,(anonymous_12)
FN:215,(anonymous_13)
FN:225,(anonymous_14)
FN:248,(anonymous_15)
FN:268,(anonymous_16)
FN:313,(anonymous_17)
FN:326,(anonymous_18)
FN:329,(anonymous_19)
FN:342,(anonymous_20)
FN:344,(anonymous_21)
FN:360,(anonymous_22)
FN:385,handleCancelSubscription
FN:402,(anonymous_24)
FN:406,(anonymous_25)
FN:407,(anonymous_26)
FN:419,(anonymous_27)
FN:420,(anonymous_28)
FN:432,(anonymous_29)
FN:447,(anonymous_30)
FN:466,(anonymous_31)
FN:487,(anonymous_32)
FN:495,(anonymous_33)
FN:510,(anonymous_34)
FN:515,(anonymous_35)
FN:516,(anonymous_36)
FN:533,(anonymous_37)
FN:540,(anonymous_38)
FN:556,(anonymous_39)
FN:559,(anonymous_40)
FN:572,(anonymous_41)
FN:575,(anonymous_42)
FN:588,(anonymous_43)
FN:591,(anonymous_44)
FN:604,(anonymous_45)
FN:607,(anonymous_46)
FN:620,(anonymous_47)
FN:623,(anonymous_48)
FN:641,(anonymous_49)
FN:647,(anonymous_50)
FN:656,(anonymous_51)
FN:700,(anonymous_52)
FN:708,(anonymous_53)
FN:777,(anonymous_54)
FN:849,(anonymous_55)
FN:893,(anonymous_56)
FN:902,(anonymous_57)
FN:936,(anonymous_58)
FNF:59
FNH:4
FNDA:0,transformDate
FNDA:4,(anonymous_1)
FNDA:5,CentroProdutivo
FNDA:2,(anonymous_3)
FNDA:0,(anonymous_4)
FNDA:0,(anonymous_5)
FNDA:0,(anonymous_6)
FNDA:0,(anonymous_7)
FNDA:0,(anonymous_8)
FNDA:0,(anonymous_9)
FNDA:0,(anonymous_10)
FNDA:0,(anonymous_11)
FNDA:0,(anonymous_12)
FNDA:2,(anonymous_13)
FNDA:0,(anonymous_14)
FNDA:0,(anonymous_15)
FNDA:0,(anonymous_16)
FNDA:0,(anonymous_17)
FNDA:0,(anonymous_18)
FNDA:0,(anonymous_19)
FNDA:0,(anonymous_20)
FNDA:0,(anonymous_21)
FNDA:0,(anonymous_22)
FNDA:0,handleCancelSubscription
FNDA:0,(anonymous_24)
FNDA:0,(anonymous_25)
FNDA:0,(anonymous_26)
FNDA:0,(anonymous_27)
FNDA:0,(anonymous_28)
FNDA:0,(anonymous_29)
FNDA:0,(anonymous_30)
FNDA:0,(anonymous_31)
FNDA:0,(anonymous_32)
FNDA:0,(anonymous_33)
FNDA:0,(anonymous_34)
FNDA:0,(anonymous_35)
FNDA:0,(anonymous_36)
FNDA:0,(anonymous_37)
FNDA:0,(anonymous_38)
FNDA:0,(anonymous_39)
FNDA:0,(anonymous_40)
FNDA:0,(anonymous_41)
FNDA:0,(anonymous_42)
FNDA:0,(anonymous_43)
FNDA:0,(anonymous_44)
FNDA:0,(anonymous_45)
FNDA:0,(anonymous_46)
FNDA:0,(anonymous_47)
FNDA:0,(anonymous_48)
FNDA:0,(anonymous_49)
FNDA:0,(anonymous_50)
FNDA:0,(anonymous_51)
FNDA:0,(anonymous_52)
FNDA:0,(anonymous_53)
FNDA:0,(anonymous_54)
FNDA:0,(anonymous_55)
FNDA:0,(anonymous_56)
FNDA:0,(anonymous_57)
FNDA:0,(anonymous_58)
DA:65,0
DA:66,0
DA:67,0
DA:70,2
DA:73,4
DA:77,2
DA:84,2
DA:93,2
DA:101,2
DA:109,2
DA:126,5
DA:127,4
DA:128,4
DA:129,4
DA:130,4
DA:131,4
DA:132,4
DA:133,4
DA:134,4
DA:136,4
DA:137,4
DA:138,4
DA:139,4
DA:140,4
DA:144,4
DA:146,4
DA:147,4
DA:148,4
DA:152,4
DA:153,0
DA:154,0
DA:155,0
DA:157,0
DA:160,0
DA:163,4
DA:164,0
DA:166,4
DA:167,0
DA:168,0
DA:177,4
DA:178,4
DA:180,4
DA:181,0
DA:183,0
DA:186,0
DA:188,0
DA:193,4
DA:194,0
DA:195,0
DA:196,0
DA:203,0
DA:205,0
DA:206,0
DA:207,0
DA:208,0
DA:209,0
DA:211,0
DA:215,4
DA:216,2
DA:217,0
DA:224,0
DA:225,0
DA:226,0
DA:235,0
DA:239,0
DA:244,0
DA:245,0
DA:248,4
DA:251,0
DA:252,0
DA:253,0
DA:254,0
DA:258,0
DA:259,0
DA:260,0
DA:261,0
DA:263,0
DA:268,4
DA:269,0
DA:270,0
DA:278,0
DA:279,0
DA:283,0
DA:284,0
DA:285,0
DA:287,0
DA:290,0
DA:291,0
DA:299,0
DA:300,0
DA:304,0
DA:305,0
DA:306,0
DA:308,0
DA:313,4
DA:314,0
DA:316,0
DA:317,0
DA:319,0
DA:322,0
DA:323,0
DA:326,4
DA:327,0
DA:328,0
DA:329,0
DA:331,0
DA:339,0
DA:342,4
DA:343,0
DA:344,0
DA:345,0
DA:346,0
DA:349,0
DA:350,0
DA:351,0
DA:352,0
DA:353,0
DA:354,0
DA:355,0
DA:356,0
DA:357,0
DA:360,4
DA:361,0
DA:369,0
DA:371,0
DA:375,0
DA:376,0
DA:377,0
DA:378,0
DA:379,0
DA:381,0
DA:386,0
DA:387,0
DA:390,0
DA:391,0
DA:392,0
DA:395,4
DA:402,0
DA:407,0
DA:409,0
DA:410,0
DA:420,0
DA:421,0
DA:422,0
DA:433,0
DA:435,0
DA:448,0
DA:449,0
DA:451,0
DA:453,0
DA:455,0
DA:457,0
DA:467,0
DA:469,0
DA:471,0
DA:473,0
DA:475,0
DA:477,0
DA:487,0
DA:496,0
DA:510,0
DA:516,0
DA:517,0
DA:519,0
DA:520,0
DA:534,0
DA:541,0
DA:550,4
DA:557,0
DA:560,0
DA:573,0
DA:576,0
DA:589,0
DA:592,0
DA:605,0
DA:608,0
DA:621,0
DA:624,0
DA:634,4
DA:642,0
DA:648,0
DA:649,0
DA:657,0
DA:658,0
DA:665,4
DA:700,0
DA:708,0
DA:777,0
DA:849,0
DA:894,0
DA:895,0
DA:902,0
DA:936,0
LF:193
LH:44
BRDA:154,0,0,0
BRDA:154,0,1,0
BRDA:183,1,0,0
BRDA:183,1,1,0
BRDA:205,2,0,0
BRDA:205,2,1,0
BRDA:253,3,0,0
BRDA:253,3,1,0
BRDA:259,4,0,0
BRDA:259,4,1,0
BRDA:269,5,0,0
BRDA:269,5,1,0
BRDA:269,6,0,0
BRDA:269,6,1,0
BRDA:283,7,0,0
BRDA:283,7,1,0
BRDA:290,8,0,0
BRDA:290,8,1,0
BRDA:290,9,0,0
BRDA:290,9,1,0
BRDA:304,10,0,0
BRDA:304,10,1,0
BRDA:316,11,0,0
BRDA:316,11,1,0
BRDA:345,12,0,0
BRDA:345,12,1,0
BRDA:375,13,0,0
BRDA:375,13,1,0
BRDA:386,14,0,0
BRDA:386,14,1,0
BRDA:448,15,0,0
BRDA:448,15,1,0
BRDA:451,16,0,0
BRDA:451,16,1,0
BRDA:451,16,2,0
BRDA:467,17,0,0
BRDA:467,17,1,0
BRDA:467,17,2,0
BRDA:467,17,3,0
BRDA:467,17,4,0
BRDA:482,18,0,4
BRDA:482,18,1,0
BRDA:489,19,0,0
BRDA:489,19,1,0
BRDA:489,20,0,0
BRDA:489,20,1,0
BRDA:489,20,2,0
BRDA:489,20,3,0
BRDA:505,21,0,4
BRDA:505,21,1,0
BRDA:517,22,0,0
BRDA:517,22,1,0
BRDA:527,23,0,0
BRDA:527,23,1,0
BRDA:527,24,0,0
BRDA:527,24,1,0
BRDA:527,24,2,0
BRDA:527,24,3,0
BRDA:537,25,0,0
BRDA:537,25,1,0
BRDA:537,26,0,0
BRDA:537,26,1,0
BRDA:652,27,0,0
BRDA:652,27,1,0
BRDA:672,28,0,4
BRDA:672,28,1,0
BRF:66
BRH:3
end_of_record
TN:
SF:src/pages/centroProdutivo/dtos/CentroInscritosDTO.ts
FNF:0
FNH:0
LF:0
LH:0
BRF:0
BRH:0
end_of_record
TN:
SF:src/pages/centroProdutivo/dtos/NotaAlunoCadastrarDTO.tsx
FNF:0
FNH:0
LF:0
LH:0
BRF:0
BRH:0
end_of_record
TN:
SF:src/pages/centroProdutivo/tests/centro.mock.tsx
FN:13,(anonymous_0)
FN:14,(anonymous_1)
FN:17,(anonymous_2)
FN:18,(anonymous_3)
FNF:4
FNH:0
FNDA:0,(anonymous_0)
FNDA:0,(anonymous_1)
FNDA:0,(anonymous_2)
FNDA:0,(anonymous_3)
DA:6,1
DA:7,1
DA:10,1
DA:13,1
DA:14,0
DA:17,1
DA:18,0
LF:7
LH:5
BRF:0
BRH:0
end_of_record
TN:
SF:src/pages/curso/cursos.tsx
FN:42,(anonymous_0)
FN:94,Curso
FN:96,(anonymous_2)
FN:97,(anonymous_3)
FN:98,(anonymous_4)
FN:99,(anonymous_5)
FN:114,(anonymous_6)
FN:130,(anonymous_7)
FN:134,(anonymous_8)
FN:146,(anonymous_9)
FN:158,(anonymous_10)
FN:159,(anonymous_11)
FN:173,(anonymous_12)
FN:203,(anonymous_13)
FN:207,(anonymous_14)
FN:217,(anonymous_15)
FN:294,(anonymous_16)
FNF:17
FNH:15
FNDA:12,(anonymous_0)
FNDA:13,Curso
FNDA:2,(anonymous_2)
FNDA:0,(anonymous_3)
FNDA:1,(anonymous_4)
FNDA:1,(anonymous_5)
FNDA:1,(anonymous_6)
FNDA:4,(anonymous_7)
FNDA:2,(anonymous_8)
FNDA:1,(anonymous_9)
FNDA:1,(anonymous_10)
FNDA:1,(anonymous_11)
FNDA:1,(anonymous_12)
FNDA:14,(anonymous_13)
FNDA:1,(anonymous_14)
FNDA:1,(anonymous_15)
FNDA:0,(anonymous_16)
DA:39,2
DA:42,12
DA:46,2
DA:53,2
DA:62,2
DA:70,2
DA:78,2
DA:95,13
DA:96,12
DA:97,12
DA:98,12
DA:99,12
DA:100,12
DA:101,12
DA:102,12
DA:103,12
DA:104,12
DA:105,12
DA:111,12
DA:112,12
DA:114,12
DA:115,1
DA:121,1
DA:123,1
DA:124,1
DA:125,1
DA:126,1
DA:130,12
DA:131,4
DA:133,4
DA:134,4
DA:136,2
DA:143,2
DA:146,12
DA:147,1
DA:149,1
DA:150,1
DA:152,0
DA:155,1
DA:156,1
DA:158,12
DA:159,1
DA:160,1
DA:161,1
DA:164,1
DA:165,1
DA:166,1
DA:167,1
DA:168,1
DA:169,1
DA:170,1
DA:173,12
DA:175,1
DA:181,1
DA:183,1
DA:184,1
DA:185,0
DA:186,0
DA:187,0
DA:188,0
DA:196,12
DA:203,14
DA:208,1
DA:218,1
DA:219,1
DA:233,12
DA:294,0
LF:67
LH:61
BRDA:123,0,0,1
BRDA:123,0,1,0
BRDA:149,1,0,1
BRDA:149,1,1,0
BRDA:160,2,0,1
BRDA:160,2,1,0
BRDA:184,3,0,0
BRDA:184,3,1,1
BRDA:240,4,0,12
BRDA:240,4,1,0
BRF:10
BRH:5
end_of_record
TN:
SF:src/pages/curso/tests/cursos.mock.tsx
FN:13,(anonymous_0)
FN:14,(anonymous_1)
FN:17,(anonymous_2)
FN:18,(anonymous_3)
FNF:4
FNH:2
FNDA:1,(anonymous_0)
FNDA:1,(anonymous_1)
FNDA:0,(anonymous_2)
FNDA:0,(anonymous_3)
DA:6,1
DA:7,1
DA:10,1
DA:13,1
DA:14,1
DA:17,1
DA:18,0
LF:7
LH:6
BRF:0
BRH:0
end_of_record
TN:
SF:src/pages/home/home.tsx
FN:14,(anonymous_0)
FN:31,(anonymous_1)
FN:37,(anonymous_2)
FN:58,(anonymous_3)
FN:72,(anonymous_4)
FN:76,(anonymous_5)
FN:82,(anonymous_6)
FN:92,Home
FNF:8
FNH:8
FNDA:2,(anonymous_0)
FNDA:4,(anonymous_1)
FNDA:2,(anonymous_2)
FNDA:2,(anonymous_3)
FNDA:4,(anonymous_4)
FNDA:4,(anonymous_5)
FNDA:2,(anonymous_6)
FNDA:2,Home
DA:13,2
DA:14,2
DA:21,2
DA:26,2
DA:30,2
DA:31,4
DA:36,2
DA:37,2
DA:43,2
DA:50,2
DA:56,2
DA:58,2
DA:64,2
DA:69,2
DA:72,4
DA:75,2
DA:76,4
DA:81,2
DA:82,2
DA:86,2
DA:107,2
LF:21
LH:21
BRF:0
BRH:0
end_of_record
TN:
SF:src/pages/login/login.tsx
FN:31,(anonymous_0)
FN:38,(anonymous_1)
FN:60,(anonymous_2)
FN:66,(anonymous_3)
FN:75,Login
FN:78,(anonymous_5)
FN:83,(anonymous_6)
FNF:7
FNH:5
FNDA:1,(anonymous_0)
FNDA:1,(anonymous_1)
FNDA:1,(anonymous_2)
FNDA:1,(anonymous_3)
FNDA:1,Login
FNDA:0,(anonymous_5)
FNDA:0,(anonymous_6)
DA:21,2
DA:26,2
DA:31,1
DA:34,2
DA:38,1
DA:48,2
DA:57,2
DA:60,1
DA:63,2
DA:66,1
DA:76,1
DA:77,1
DA:78,1
DA:79,1
DA:80,1
DA:81,1
DA:83,1
DA:84,0
DA:85,0
DA:86,0
DA:87,0
DA:88,0
DA:89,0
DA:90,0
DA:91,0
DA:92,0
DA:94,0
DA:95,0
DA:98,0
DA:99,0
DA:103,1
LF:31
LH:18
BRDA:90,0,0,0
BRDA:90,0,1,0
BRDA:129,1,0,0
BRDA:129,1,1,1
BRDA:133,2,0,0
BRDA:133,2,1,1
BRDA:186,3,0,0
BRDA:186,3,1,1
BRF:8
BRH:3
end_of_record
TN:
SF:src/pages/professores/professores.tsx
FN:56,(anonymous_0)
FN:108,transformDate
FN:115,Professores
FN:121,(anonymous_3)
FN:122,(anonymous_4)
FN:129,(anonymous_5)
FN:130,(anonymous_6)
FN:143,(anonymous_7)
FN:219,(anonymous_8)
FN:227,(anonymous_9)
FN:230,(anonymous_10)
FN:251,(anonymous_11)
FN:252,(anonymous_12)
FN:267,(anonymous_13)
FN:268,(anonymous_14)
FN:288,(anonymous_15)
FN:364,(anonymous_16)
FN:369,(anonymous_17)
FN:381,(anonymous_18)
FN:383,(anonymous_19)
FN:489,(anonymous_20)
FN:498,(anonymous_21)
FN:525,(anonymous_22)
FN:534,(anonymous_23)
FN:557,(anonymous_24)
FNF:25
FNH:20
FNDA:12,(anonymous_0)
FNDA:2,transformDate
FNDA:13,Professores
FNDA:2,(anonymous_3)
FNDA:1,(anonymous_4)
FNDA:1,(anonymous_5)
FNDA:1,(anonymous_6)
FNDA:1,(anonymous_7)
FNDA:2,(anonymous_8)
FNDA:4,(anonymous_9)
FNDA:2,(anonymous_10)
FNDA:1,(anonymous_11)
FNDA:1,(anonymous_12)
FNDA:1,(anonymous_13)
FNDA:1,(anonymous_14)
FNDA:1,(anonymous_15)
FNDA:14,(anonymous_16)
FNDA:1,(anonymous_17)
FNDA:1,(anonymous_18)
FNDA:1,(anonymous_19)
FNDA:0,(anonymous_20)
FNDA:0,(anonymous_21)
FNDA:0,(anonymous_22)
FNDA:0,(anonymous_23)
FNDA:0,(anonymous_24)
DA:53,2
DA:56,12
DA:60,2
DA:67,2
DA:76,2
DA:84,2
DA:92,2
DA:109,2
DA:110,2
DA:111,2
DA:116,13
DA:117,12
DA:118,12
DA:119,12
DA:120,12
DA:121,12
DA:122,12
DA:123,12
DA:124,12
DA:125,12
DA:126,12
DA:127,12
DA:128,12
DA:129,12
DA:130,12
DA:131,12
DA:139,12
DA:143,12
DA:145,1
DA:158,1
DA:159,1
DA:160,0
DA:163,1
DA:164,1
DA:165,0
DA:168,1
DA:169,1
DA:170,0
DA:173,1
DA:175,1
DA:177,1
DA:178,0
DA:179,0
DA:181,1
DA:183,1
DA:185,1
DA:186,1
DA:187,0
DA:190,1
DA:191,1
DA:192,0
DA:195,1
DA:196,1
DA:197,0
DA:200,1
DA:201,1
DA:202,0
DA:205,1
DA:206,1
DA:207,1
DA:209,1
DA:210,1
DA:211,1
DA:212,1
DA:214,0
DA:216,1
DA:219,12
DA:220,2
DA:221,2
DA:222,2
DA:224,0
DA:227,12
DA:228,4
DA:229,2
DA:230,2
DA:231,2
DA:232,2
DA:234,2
DA:247,2
DA:251,12
DA:252,1
DA:253,1
DA:254,1
DA:255,1
DA:256,1
DA:257,1
DA:259,0
DA:262,1
DA:263,1
DA:267,12
DA:268,1
DA:269,1
DA:270,1
DA:274,1
DA:276,1
DA:277,1
DA:278,1
DA:279,1
DA:280,1
DA:281,1
DA:282,1
DA:285,1
DA:288,12
DA:291,1
DA:292,1
DA:293,0
DA:296,1
DA:297,1
DA:298,0
DA:301,1
DA:302,1
DA:303,0
DA:306,1
DA:308,1
DA:310,1
DA:311,0
DA:312,0
DA:314,1
DA:316,1
DA:318,1
DA:319,1
DA:320,0
DA:323,1
DA:324,1
DA:325,0
DA:330,1
DA:332,1
DA:333,1
DA:334,1
DA:337,1
DA:348,1
DA:349,1
DA:350,1
DA:352,0
DA:354,1
DA:355,1
DA:358,12
DA:364,14
DA:370,1
DA:371,1
DA:372,1
DA:382,1
DA:383,1
DA:384,1
DA:385,1
DA:386,1
DA:402,12
DA:490,0
DA:499,0
DA:526,0
DA:535,0
DA:557,0
LF:152
LH:127
BRDA:159,0,0,0
BRDA:159,0,1,1
BRDA:164,1,0,0
BRDA:164,1,1,1
BRDA:169,2,0,0
BRDA:169,2,1,1
BRDA:177,3,0,0
BRDA:177,3,1,1
BRDA:186,4,0,0
BRDA:186,4,1,1
BRDA:191,5,0,0
BRDA:191,5,1,1
BRDA:196,6,0,0
BRDA:196,6,1,1
BRDA:201,7,0,0
BRDA:201,7,1,1
BRDA:210,8,0,1
BRDA:210,8,1,0
BRDA:221,9,0,2
BRDA:221,9,1,0
BRDA:253,10,0,1
BRDA:253,10,1,0
BRDA:256,11,0,1
BRDA:256,11,1,0
BRDA:269,12,0,1
BRDA:269,12,1,0
BRDA:292,13,0,0
BRDA:292,13,1,1
BRDA:297,14,0,0
BRDA:297,14,1,1
BRDA:302,15,0,0
BRDA:302,15,1,1
BRDA:310,16,0,0
BRDA:310,16,1,1
BRDA:319,17,0,0
BRDA:319,17,1,1
BRDA:324,18,0,0
BRDA:324,18,1,1
BRDA:349,19,0,1
BRDA:349,19,1,0
BRDA:349,20,0,1
BRDA:349,20,1,0
BRDA:384,21,0,1
BRDA:384,21,1,0
BRDA:482,22,0,0
BRDA:482,22,1,12
BRDA:486,23,0,0
BRDA:486,23,1,12
BRDA:518,24,0,0
BRDA:518,24,1,12
BRDA:522,25,0,0
BRDA:522,25,1,12
BRDA:545,26,0,12
BRDA:545,26,1,0
BRF:54
BRH:27
end_of_record
TN:
SF:src/pages/professores/tests/professores.mock.tsx
FN:13,(anonymous_0)
FN:14,(anonymous_1)
FN:17,(anonymous_2)
FN:18,(anonymous_3)
FNF:4
FNH:3
FNDA:1,(anonymous_0)
FNDA:1,(anonymous_1)
FNDA:1,(anonymous_2)
FNDA:0,(anonymous_3)
DA:6,1
DA:7,1
DA:10,1
DA:13,1
DA:14,1
DA:17,1
DA:18,1
LF:7
LH:7
BRF:0
BRH:0
end_of_record
TN:
SF:src/pages/receitas/receitas.tsx
FN:52,(anonymous_0)
FN:131,Receitas
FN:133,(anonymous_2)
FN:134,(anonymous_3)
FN:149,(anonymous_4)
FN:150,(anonymous_5)
FN:153,(anonymous_6)
FN:167,(anonymous_7)
FN:171,(anonymous_8)
FN:180,(anonymous_9)
FN:193,(anonymous_10)
FN:203,addInputIngred
FN:208,(anonymous_12)
FN:214,addInputModPrep
FN:219,(anonymous_14)
FN:224,remInputPrep
FN:227,(anonymous_16)
FN:232,remInputIngre
FN:235,(anonymous_18)
FN:240,openReceita
FN:260,(anonymous_20)
FN:264,(anonymous_21)
FN:320,(anonymous_22)
FN:330,(anonymous_23)
FN:345,(anonymous_24)
FN:355,(anonymous_25)
FNF:26
FNH:5
FNDA:1,(anonymous_0)
FNDA:1,Receitas
FNDA:0,(anonymous_2)
FNDA:0,(anonymous_3)
FNDA:1,(anonymous_4)
FNDA:0,(anonymous_5)
FNDA:0,(anonymous_6)
FNDA:0,(anonymous_7)
FNDA:0,(anonymous_8)
FNDA:0,(anonymous_9)
FNDA:0,(anonymous_10)
FNDA:0,addInputIngred
FNDA:0,(anonymous_12)
FNDA:0,addInputModPrep
FNDA:0,(anonymous_14)
FNDA:0,remInputPrep
FNDA:0,(anonymous_16)
FNDA:0,remInputIngre
FNDA:0,(anonymous_18)
FNDA:0,openReceita
FNDA:0,(anonymous_20)
FNDA:0,(anonymous_21)
FNDA:1,(anonymous_22)
FNDA:0,(anonymous_23)
FNDA:1,(anonymous_24)
FNDA:0,(anonymous_25)
DA:28,1
DA:44,1
DA:51,1
DA:52,1
DA:58,1
DA:66,1
DA:75,1
DA:83,1
DA:87,1
DA:95,1
DA:132,1
DA:133,1
DA:134,1
DA:135,1
DA:138,1
DA:139,1
DA:140,1
DA:146,1
DA:147,1
DA:149,1
DA:150,1
DA:151,0
DA:152,0
DA:153,0
DA:154,0
DA:162,0
DA:167,1
DA:168,0
DA:169,0
DA:171,0
DA:172,0
DA:173,0
DA:177,0
DA:178,0
DA:180,0
DA:181,0
DA:182,0
DA:186,0
DA:193,0
DA:194,0
DA:195,0
DA:197,0
DA:200,0
DA:204,0
DA:205,0
DA:206,0
DA:207,0
DA:208,0
DA:209,0
DA:215,0
DA:216,0
DA:217,0
DA:218,0
DA:219,0
DA:220,0
DA:225,0
DA:226,0
DA:227,0
DA:228,0
DA:233,0
DA:234,0
DA:235,0
DA:236,0
DA:241,0
DA:244,1
DA:261,0
DA:264,0
DA:322,1
DA:330,0
DA:347,1
DA:355,0
LF:71
LH:25
BRDA:152,0,0,0
BRDA:152,0,1,0
BRDA:172,1,0,0
BRDA:172,1,1,0
BRDA:181,2,0,0
BRDA:181,2,1,0
BRDA:194,3,0,0
BRDA:194,3,1,0
BRDA:252,4,0,1
BRDA:252,4,1,0
BRF:10
BRH:1
end_of_record
TN:
SF:src/pages/receitas/receitasInstrucao.tsx
FN:16,(anonymous_0)
FN:151,ReceitasInstrucao
FN:156,(anonymous_2)
FN:157,(anonymous_3)
FN:166,(anonymous_4)
FN:168,(anonymous_5)
FN:188,(anonymous_6)
FN:207,(anonymous_7)
FN:223,(anonymous_8)
FNF:9
FNH:0
FNDA:0,(anonymous_0)
FNDA:0,ReceitasInstrucao
FNDA:0,(anonymous_2)
FNDA:0,(anonymous_3)
FNDA:0,(anonymous_4)
FNDA:0,(anonymous_5)
FNDA:0,(anonymous_6)
FNDA:0,(anonymous_7)
FNDA:0,(anonymous_8)
DA:15,0
DA:16,0
DA:23,0
DA:32,0
DA:37,0
DA:44,0
DA:49,0
DA:56,0
DA:65,0
DA:106,0
DA:146,0
DA:152,0
DA:153,0
DA:154,0
DA:156,0
DA:157,0
DA:158,0
DA:159,0
DA:161,0
DA:166,0
DA:168,0
DA:169,0
DA:170,0
DA:175,0
DA:188,0
DA:208,0
DA:224,0
LF:27
LH:0
BRDA:158,0,0,0
BRDA:158,0,1,0
BRDA:169,1,0,0
BRDA:169,1,1,0
BRDA:185,2,0,0
BRDA:185,2,1,0
BRDA:206,3,0,0
BRDA:206,3,1,0
BRF:8
BRH:0
end_of_record
TN:
SF:src/pages/supervisor/supervisor.tsx
FN:66,Supervisor
FN:85,handleOpenRegister
FN:89,handleCloseRegisterModal
FN:93,handleCloseEditModal
FN:101,(anonymous_4)
FN:110,prepararEdicao
FN:112,(anonymous_6)
FN:128,editSupervisor
FN:141,prepararDelecao
FN:146,deletarSupervisor
FN:152,registerSupervisor
FN:193,(anonymous_11)
FN:220,(anonymous_12)
FN:225,(anonymous_13)
FN:236,(anonymous_14)
FN:260,(anonymous_15)
FN:268,(anonymous_16)
FN:276,(anonymous_17)
FNF:18
FNH:12
FNDA:17,Supervisor
FNDA:3,handleOpenRegister
FNDA:0,handleCloseRegisterModal
FNDA:0,handleCloseEditModal
FNDA:5,(anonymous_4)
FNDA:1,prepararEdicao
FNDA:1,(anonymous_6)
FNDA:1,editSupervisor
FNDA:1,prepararDelecao
FNDA:1,deletarSupervisor
FNDA:0,registerSupervisor
FNDA:0,(anonymous_11)
FNDA:14,(anonymous_12)
FNDA:1,(anonymous_13)
FNDA:1,(anonymous_14)
FNDA:2,(anonymous_15)
FNDA:0,(anonymous_16)
FNDA:0,(anonymous_17)
DA:46,2
DA:47,2
DA:48,2
DA:49,2
DA:50,2
DA:51,2
DA:67,17
DA:68,16
DA:70,16
DA:75,16
DA:77,16
DA:79,16
DA:80,16
DA:81,16
DA:83,16
DA:86,3
DA:90,0
DA:94,0
DA:101,16
DA:102,5
DA:103,3
DA:104,1
DA:107,2
DA:111,1
DA:112,1
DA:114,1
DA:115,0
DA:118,1
DA:119,1
DA:120,1
DA:121,1
DA:122,1
DA:123,1
DA:124,1
DA:125,1
DA:129,1
DA:130,1
DA:131,1
DA:136,1
DA:137,1
DA:138,1
DA:142,1
DA:143,1
DA:147,1
DA:148,1
DA:149,1
DA:153,0
DA:154,0
DA:157,0
DA:160,0
DA:161,0
DA:164,0
DA:167,0
DA:168,0
DA:171,0
DA:174,0
DA:175,0
DA:178,0
DA:181,0
DA:182,0
DA:183,0
DA:188,0
DA:189,0
DA:190,0
DA:191,0
DA:192,0
DA:193,0
DA:194,0
DA:195,0
DA:201,0
DA:206,0
DA:209,0
DA:210,0
DA:211,0
DA:214,16
DA:220,14
DA:226,1
DA:237,1
DA:251,16
DA:260,2
DA:268,0
DA:276,0
LF:82
LH:49
BRDA:103,0,0,1
BRDA:103,0,1,2
BRDA:114,1,0,0
BRDA:114,1,1,1
BRDA:153,2,0,0
BRDA:153,2,1,0
BRDA:160,3,0,0
BRDA:160,3,1,0
BRDA:167,4,0,0
BRDA:167,4,1,0
BRDA:174,5,0,0
BRDA:174,5,1,0
BRDA:189,6,0,0
BRDA:189,6,1,0
BRDA:190,7,0,0
BRDA:190,7,1,0
BRDA:194,8,0,0
BRDA:194,8,1,0
BRF:18
BRH:3
end_of_record
TN:
SF:src/pages/supervisor/dtos/EditSupervisorDTO.ts
FNF:0
FNH:0
LF:0
LH:0
BRF:0
BRH:0
end_of_record
TN:
SF:src/pages/supervisor/dtos/SupervisorDTO.ts
FNF:0
FNH:0
LF:0
LH:0
BRF:0
BRH:0
end_of_record
TN:
SF:src/pages/supervisor/tests/supervisor.mock.ts
FN:12,(anonymous_0)
FN:15,(anonymous_1)
FN:18,(anonymous_2)
FN:19,(anonymous_3)
FNF:4
FNH:1
FNDA:0,(anonymous_0)
FNDA:0,(anonymous_1)
FNDA:2,(anonymous_2)
FNDA:0,(anonymous_3)
DA:6,1
DA:7,1
DA:10,1
DA:12,1
DA:13,0
DA:15,0
DA:18,1
DA:19,2
LF:8
LH:6
BRF:0
BRH:0
end_of_record
TN:
SF:src/pages/turmas/turmas.tsx
FN:70,(anonymous_0)
FN:122,compareDates
FN:129,validateHorarios
FN:151,Turmas
FN:163,(anonymous_4)
FN:164,(anonymous_5)
FN:166,(anonymous_6)
FN:167,(anonymous_7)
FN:168,(anonymous_8)
FN:169,(anonymous_9)
FN:194,transformDate
FN:201,(anonymous_11)
FN:249,(anonymous_12)
FN:253,(anonymous_13)
FN:280,(anonymous_14)
FN:282,(anonymous_15)
FN:296,(anonymous_16)
FN:310,(anonymous_17)
FN:311,(anonymous_18)
FN:332,(anonymous_19)
FN:379,(anonymous_20)
FN:398,(anonymous_21)
FN:408,(anonymous_22)
FN:422,(anonymous_23)
FN:427,(anonymous_24)
FN:445,(anonymous_25)
FN:496,(anonymous_26)
FN:501,(anonymous_27)
FN:529,(anonymous_28)
FN:534,(anonymous_29)
FN:552,(anonymous_30)
FN:557,(anonymous_31)
FN:568,(anonymous_32)
FN:583,(anonymous_33)
FN:592,(anonymous_34)
FN:594,(anonymous_35)
FN:656,(anonymous_36)
FN:727,(anonymous_37)
FN:794,(anonymous_38)
FN:854,(anonymous_39)
FN:861,(anonymous_40)
FN:911,(anonymous_41)
FN:914,(anonymous_42)
FN:916,(anonymous_43)
FN:940,(anonymous_44)
FNF:45
FNH:20
FNDA:16,(anonymous_0)
FNDA:1,compareDates
FNDA:2,validateHorarios
FNDA:17,Turmas
FNDA:1,(anonymous_4)
FNDA:1,(anonymous_5)
FNDA:0,(anonymous_6)
FNDA:0,(anonymous_7)
FNDA:2,(anonymous_8)
FNDA:0,(anonymous_9)
FNDA:4,transformDate
FNDA:1,(anonymous_11)
FNDA:4,(anonymous_12)
FNDA:2,(anonymous_13)
FNDA:0,(anonymous_14)
FNDA:0,(anonymous_15)
FNDA:1,(anonymous_16)
FNDA:1,(anonymous_17)
FNDA:1,(anonymous_18)
FNDA:1,(anonymous_19)
FNDA:0,(anonymous_20)
FNDA:0,(anonymous_21)
FNDA:0,(anonymous_22)
FNDA:0,(anonymous_23)
FNDA:0,(anonymous_24)
FNDA:0,(anonymous_25)
FNDA:4,(anonymous_26)
FNDA:0,(anonymous_27)
FNDA:0,(anonymous_28)
FNDA:0,(anonymous_29)
FNDA:20,(anonymous_30)
FNDA:0,(anonymous_31)
FNDA:0,(anonymous_32)
FNDA:1,(anonymous_33)
FNDA:1,(anonymous_34)
FNDA:1,(anonymous_35)
FNDA:0,(anonymous_36)
FNDA:0,(anonymous_37)
FNDA:0,(anonymous_38)
FNDA:0,(anonymous_39)
FNDA:0,(anonymous_40)
FNDA:0,(anonymous_41)
FNDA:0,(anonymous_42)
FNDA:0,(anonymous_43)
FNDA:0,(anonymous_44)
DA:67,2
DA:70,16
DA:74,2
DA:81,2
DA:90,2
DA:98,2
DA:106,2
DA:123,1
DA:124,1
DA:126,1
DA:130,2
DA:131,2
DA:133,2
DA:145,2
DA:148,0
DA:152,17
DA:153,16
DA:154,16
DA:155,16
DA:156,16
DA:157,16
DA:158,16
DA:159,16
DA:160,16
DA:161,16
DA:162,16
DA:163,16
DA:164,16
DA:165,16
DA:166,16
DA:167,16
DA:168,16
DA:169,16
DA:170,16
DA:171,16
DA:172,16
DA:173,16
DA:174,16
DA:175,16
DA:177,16
DA:178,16
DA:180,16
DA:187,16
DA:188,16
DA:189,16
DA:191,16
DA:192,16
DA:195,4
DA:197,4
DA:198,4
DA:201,16
DA:202,1
DA:215,1
DA:217,0
DA:220,0
DA:223,1
DA:224,0
DA:225,0
DA:228,1
DA:229,1
DA:232,1
DA:233,1
DA:234,0
DA:235,0
DA:238,1
DA:239,1
DA:240,1
DA:241,1
DA:243,0
DA:245,1
DA:249,16
DA:250,4
DA:251,2
DA:252,2
DA:253,2
DA:254,2
DA:255,2
DA:257,2
DA:258,2
DA:260,2
DA:277,2
DA:280,16
DA:282,0
DA:283,0
DA:284,0
DA:287,0
DA:289,0
DA:290,0
DA:291,0
DA:293,0
DA:296,16
DA:297,1
DA:298,1
DA:300,1
DA:301,1
DA:303,0
DA:306,1
DA:307,1
DA:310,16
DA:311,1
DA:312,1
DA:313,1
DA:317,1
DA:319,1
DA:320,1
DA:321,1
DA:322,1
DA:323,1
DA:324,1
DA:325,1
DA:326,1
DA:327,1
DA:329,1
DA:332,16
DA:333,1
DA:335,0
DA:336,0
DA:339,1
DA:341,0
DA:344,0
DA:347,1
DA:348,0
DA:349,0
DA:352,1
DA:353,1
DA:355,1
DA:368,1
DA:369,1
DA:370,1
DA:372,0
DA:374,1
DA:376,1
DA:379,16
DA:380,0
DA:386,0
DA:387,0
DA:389,0
DA:390,0
DA:391,0
DA:392,0
DA:394,0
DA:398,16
DA:399,0
DA:400,0
DA:401,0
DA:402,0
DA:403,0
DA:405,0
DA:407,0
DA:408,0
DA:413,16
DA:422,0
DA:429,0
DA:430,0
DA:431,0
DA:432,0
DA:439,16
DA:445,16
DA:449,0
DA:451,0
DA:454,0
DA:455,0
DA:457,0
DA:458,0
DA:459,0
DA:460,0
DA:461,0
DA:462,0
DA:463,0
DA:466,0
DA:475,0
DA:477,0
DA:480,0
DA:481,0
DA:484,0
DA:485,0
DA:489,0
DA:491,0
DA:492,0
DA:496,16
DA:497,4
DA:498,0
DA:499,0
DA:500,0
DA:501,0
DA:502,0
DA:503,0
DA:504,0
DA:522,0
DA:524,0
DA:529,16
DA:531,0
DA:534,16
DA:536,0
DA:537,0
DA:539,0
DA:540,0
DA:541,0
DA:544,16
DA:545,16
DA:552,20
DA:559,0
DA:560,0
DA:561,0
DA:569,0
DA:570,0
DA:575,0
DA:584,1
DA:585,1
DA:586,1
DA:593,1
DA:594,1
DA:595,1
DA:596,1
DA:597,1
DA:614,16
DA:657,0
DA:727,0
DA:794,0
DA:854,0
DA:861,0
DA:912,0
DA:914,0
DA:916,0
DA:917,0
DA:918,0
DA:922,0
DA:923,0
DA:925,0
DA:926,0
DA:929,0
DA:941,0
LF:232
LH:129
BRDA:133,0,0,2
BRDA:133,0,1,0
BRDA:134,1,0,2
BRDA:134,1,1,2
BRDA:134,1,2,2
BRDA:134,1,3,2
BRDA:134,1,4,2
BRDA:134,1,5,2
BRDA:134,1,6,2
BRDA:134,1,7,2
BRDA:134,1,8,2
BRDA:134,1,9,0
BRDA:134,1,10,0
BRDA:215,2,0,0
BRDA:215,2,1,1
BRDA:223,3,0,0
BRDA:223,3,1,1
BRDA:233,4,0,0
BRDA:233,4,1,1
BRDA:239,5,0,1
BRDA:239,5,1,0
BRDA:252,6,0,2
BRDA:252,6,1,0
BRDA:252,7,0,2
BRDA:252,7,1,2
BRDA:283,8,0,0
BRDA:283,8,1,0
BRDA:300,9,0,1
BRDA:300,9,1,0
BRDA:312,10,0,1
BRDA:312,10,1,0
BRDA:333,11,0,0
BRDA:333,11,1,1
BRDA:339,12,0,0
BRDA:339,12,1,1
BRDA:347,13,0,0
BRDA:347,13,1,1
BRDA:369,14,0,1
BRDA:369,14,1,0
BRDA:369,15,0,1
BRDA:369,15,1,0
BRDA:386,16,0,0
BRDA:386,16,1,0
BRDA:390,17,0,0
BRDA:390,17,1,0
BRDA:401,18,0,0
BRDA:401,18,1,0
BRDA:454,19,0,0
BRDA:454,19,1,0
BRDA:455,20,0,0
BRDA:455,20,1,0
BRDA:458,21,0,0
BRDA:458,21,1,0
BRDA:458,22,0,0
BRDA:458,22,1,0
BRDA:498,23,0,0
BRDA:498,23,1,0
BRDA:500,24,0,0
BRDA:500,24,1,0
BRDA:500,25,0,0
BRDA:500,25,1,0
BRDA:539,26,0,0
BRDA:539,26,1,0
BRDA:595,27,0,1
BRDA:595,27,1,0
BRDA:621,28,0,16
BRDA:621,28,1,0
BRDA:895,29,0,16
BRDA:895,29,1,0
BRDA:917,30,0,0
BRDA:917,30,1,0
BRDA:937,31,0,16
BRDA:937,31,1,0
BRF:73
BRH:28
end_of_record
TN:
SF:src/pages/turmas/tests/turmas.mock.tsx
FN:12,(anonymous_0)
FN:13,(anonymous_1)
FN:16,(anonymous_2)
FN:17,(anonymous_3)
FNF:4
FNH:2
FNDA:1,(anonymous_0)
FNDA:1,(anonymous_1)
FNDA:0,(anonymous_2)
FNDA:0,(anonymous_3)
DA:6,1
DA:7,1
DA:10,1
DA:12,1
DA:13,1
DA:16,1
DA:17,0
LF:7
LH:6
BRF:0
BRH:0
end_of_record
TN:
SF:src/services/alunas.tsx
FN:4,(anonymous_0)
FN:13,(anonymous_1)
FN:17,(anonymous_2)
FN:18,(anonymous_3)
FN:21,(anonymous_4)
FN:25,(anonymous_5)
FN:26,(anonymous_6)
FN:30,(anonymous_7)
FN:54,(anonymous_8)
FN:57,(anonymous_9)
FN:58,(anonymous_10)
FNF:11
FNH:7
FNDA:2,(anonymous_0)
FNDA:3,(anonymous_1)
FNDA:1,(anonymous_2)
FNDA:2,(anonymous_3)
FNDA:0,(anonymous_4)
FNDA:0,(anonymous_5)
FNDA:0,(anonymous_6)
FNDA:1,(anonymous_7)
FNDA:1,(anonymous_8)
FNDA:1,(anonymous_9)
FNDA:0,(anonymous_10)
DA:4,4
DA:5,2
DA:6,2
DA:7,1
DA:9,1
DA:13,4
DA:15,3
DA:17,1
DA:18,2
DA:21,4
DA:23,0
DA:25,0
DA:26,0
DA:30,4
DA:32,1
DA:33,1
DA:34,1
DA:38,0
DA:42,0
DA:50,0
DA:54,4
DA:55,1
DA:57,1
DA:58,0
LF:24
LH:17
BRDA:38,0,0,0
BRDA:38,0,1,0
BRDA:42,1,0,0
BRDA:42,1,1,0
BRF:4
BRH:0
end_of_record
TN:
SF:src/services/api.tsx
FN:16,(anonymous_0)
FNF:1
FNH:1
FNDA:38,(anonymous_0)
DA:4,13
DA:8,13
DA:12,13
DA:16,13
DA:17,38
DA:18,38
DA:19,38
DA:22,13
DA:23,13
DA:24,13
LF:10
LH:10
BRF:0
BRH:0
end_of_record
TN:
SF:src/services/assistentes.tsx
FN:3,(anonymous_0)
FN:14,(anonymous_1)
FN:18,(anonymous_2)
FN:19,(anonymous_3)
FN:22,(anonymous_4)
FN:28,(anonymous_5)
FN:29,(anonymous_6)
FN:33,(anonymous_7)
FN:36,(anonymous_8)
FN:37,(anonymous_9)
FNF:10
FNH:8
FNDA:2,(anonymous_0)
FNDA:3,(anonymous_1)
FNDA:1,(anonymous_2)
FNDA:2,(anonymous_3)
FNDA:1,(anonymous_4)
FNDA:1,(anonymous_5)
FNDA:0,(anonymous_6)
FNDA:1,(anonymous_7)
FNDA:1,(anonymous_8)
FNDA:0,(anonymous_9)
DA:3,3
DA:5,2
DA:6,2
DA:7,1
DA:10,1
DA:14,3
DA:16,3
DA:18,1
DA:19,2
DA:22,3
DA:26,1
DA:28,1
DA:29,0
DA:33,3
DA:34,1
DA:36,1
DA:37,0
LF:17
LH:15
BRF:0
BRH:0
end_of_record
TN:
SF:src/services/auth.tsx
FN:13,LoginRequest
FN:39,setUserLocalStorage
FN:43,getUserLocalStorage
FNF:3
FNH:1
FNDA:0,LoginRequest
FNDA:0,setUserLocalStorage
FNDA:38,getUserLocalStorage
DA:5,16
DA:9,16
DA:18,0
DA:19,0
DA:20,0
DA:21,0
DA:22,0
DA:24,0
DA:26,0
DA:27,0
DA:30,0
DA:35,0
DA:40,0
DA:44,38
DA:46,38
DA:47,38
DA:50,0
LF:17
LH:5
BRDA:26,0,0,0
BRDA:26,0,1,0
BRDA:46,1,0,38
BRDA:46,1,1,0
BRF:4
BRH:1
end_of_record
TN:
SF:src/services/centroProdutivo.tsx
FN:5,(anonymous_0)
FN:8,(anonymous_1)
FN:9,(anonymous_2)
FN:12,(anonymous_3)
FN:15,(anonymous_4)
FN:16,(anonymous_5)
FN:19,(anonymous_6)
FN:23,(anonymous_7)
FN:24,(anonymous_8)
FN:27,(anonymous_9)
FN:30,(anonymous_10)
FN:31,(anonymous_11)
FN:34,(anonymous_12)
FN:46,(anonymous_13)
FN:50,(anonymous_14)
FN:51,(anonymous_15)
FN:54,(anonymous_16)
FN:57,(anonymous_17)
FN:58,(anonymous_18)
FN:61,(anonymous_19)
FN:67,(anonymous_20)
FN:68,(anonymous_21)
FN:71,confirmarAlunaCentro
FN:73,(anonymous_23)
FN:76,cancelarInscricaoAlunaCentro
FN:78,(anonymous_25)
FNF:26
FNH:1
FNDA:0,(anonymous_0)
FNDA:0,(anonymous_1)
FNDA:0,(anonymous_2)
FNDA:2,(anonymous_3)
FNDA:0,(anonymous_4)
FNDA:0,(anonymous_5)
FNDA:0,(anonymous_6)
FNDA:0,(anonymous_7)
FNDA:0,(anonymous_8)
FNDA:0,(anonymous_9)
FNDA:0,(anonymous_10)
FNDA:0,(anonymous_11)
FNDA:0,(anonymous_12)
FNDA:0,(anonymous_13)
FNDA:0,(anonymous_14)
FNDA:0,(anonymous_15)
FNDA:0,(anonymous_16)
FNDA:0,(anonymous_17)
FNDA:0,(anonymous_18)
FNDA:0,(anonymous_19)
FNDA:0,(anonymous_20)
FNDA:0,(anonymous_21)
FNDA:0,confirmarAlunaCentro
FNDA:0,(anonymous_23)
FNDA:0,cancelarInscricaoAlunaCentro
FNDA:0,(anonymous_25)
DA:5,2
DA:6,0
DA:8,0
DA:9,0
DA:12,2
DA:13,2
DA:15,0
DA:16,0
DA:19,2
DA:20,0
DA:21,0
DA:23,0
DA:24,0
DA:27,2
DA:28,0
DA:30,0
DA:31,0
DA:34,2
DA:36,0
DA:37,0
DA:38,0
DA:41,0
DA:46,2
DA:47,0
DA:48,0
DA:50,0
DA:51,0
DA:54,2
DA:55,0
DA:57,0
DA:58,0
DA:61,2
DA:65,0
DA:67,0
DA:68,0
DA:72,0
DA:73,0
DA:77,0
DA:78,0
LF:39
LH:9
BRF:0
BRH:0
end_of_record
TN:
SF:src/services/cursos.tsx
FN:4,(anonymous_0)
FN:7,(anonymous_1)
FN:8,(anonymous_2)
FN:11,(anonymous_3)
FN:14,(anonymous_4)
FN:15,(anonymous_5)
FN:18,(anonymous_6)
FN:21,(anonymous_7)
FN:22,(anonymous_8)
FN:25,(anonymous_9)
FN:28,(anonymous_10)
FN:29,(anonymous_11)
FN:32,(anonymous_12)
FN:35,(anonymous_13)
FN:36,(anonymous_14)
FNF:15
FNH:2
FNDA:0,(anonymous_0)
FNDA:0,(anonymous_1)
FNDA:0,(anonymous_2)
FNDA:6,(anonymous_3)
FNDA:0,(anonymous_4)
FNDA:5,(anonymous_5)
FNDA:0,(anonymous_6)
FNDA:0,(anonymous_7)
FNDA:0,(anonymous_8)
FNDA:0,(anonymous_9)
FNDA:0,(anonymous_10)
FNDA:0,(anonymous_11)
FNDA:0,(anonymous_12)
FNDA:0,(anonymous_13)
FNDA:0,(anonymous_14)
DA:4,3
DA:5,0
DA:7,0
DA:8,0
DA:11,3
DA:12,6
DA:14,0
DA:15,5
DA:18,3
DA:19,0
DA:21,0
DA:22,0
DA:25,3
DA:26,0
DA:28,0
DA:29,0
DA:32,3
DA:33,0
DA:35,0
DA:36,0
LF:20
LH:7
BRF:0
BRH:0
end_of_record
TN:
SF:src/services/instrucoes.tsx
FN:4,(anonymous_0)
FN:14,(anonymous_1)
FN:17,(anonymous_2)
FN:18,(anonymous_3)
FN:21,(anonymous_4)
FN:24,(anonymous_5)
FN:25,(anonymous_6)
FN:28,(anonymous_7)
FN:34,(anonymous_8)
FN:35,(anonymous_9)
FN:38,(anonymous_10)
FN:41,(anonymous_11)
FN:42,(anonymous_12)
FNF:13
FNH:2
FNDA:0,(anonymous_0)
FNDA:2,(anonymous_1)
FNDA:0,(anonymous_2)
FNDA:2,(anonymous_3)
FNDA:0,(anonymous_4)
FNDA:0,(anonymous_5)
FNDA:0,(anonymous_6)
FNDA:0,(anonymous_7)
FNDA:0,(anonymous_8)
FNDA:0,(anonymous_9)
FNDA:0,(anonymous_10)
FNDA:0,(anonymous_11)
FNDA:0,(anonymous_12)
DA:4,2
DA:5,0
DA:6,0
DA:7,0
DA:9,0
DA:10,0
DA:14,2
DA:15,2
DA:17,0
DA:18,2
DA:21,2
DA:22,0
DA:24,0
DA:25,0
DA:28,2
DA:32,0
DA:34,0
DA:35,0
DA:38,2
DA:39,0
DA:41,0
DA:42,0
LF:22
LH:7
BRF:0
BRH:0
end_of_record
TN:
SF:src/services/professores.tsx
FN:4,(anonymous_0)
FN:14,(anonymous_1)
FN:15,(anonymous_2)
FN:18,(anonymous_3)
FN:21,(anonymous_4)
FN:24,(anonymous_5)
FN:31,(anonymous_6)
FNF:7
FNH:7
FNDA:2,(anonymous_0)
FNDA:2,(anonymous_1)
FNDA:1,(anonymous_2)
FNDA:1,(anonymous_3)
FNDA:1,(anonymous_4)
FNDA:1,(anonymous_5)
FNDA:1,(anonymous_6)
DA:4,3
DA:5,2
DA:6,2
DA:7,1
DA:9,1
DA:10,1
DA:14,3
DA:15,2
DA:18,3
DA:19,1
DA:21,1
DA:24,3
DA:29,1
DA:31,1
LF:14
LH:14
BRF:0
BRH:0
end_of_record
TN:
SF:src/services/queryClient.tsx
FNF:0
FNH:0
DA:3,11
LF:1
LH:1
BRF:0
BRH:0
end_of_record
TN:
SF:src/services/supervisor.ts
FN:6,cadastrarSupervisor
FN:9,(anonymous_1)
FN:10,(anonymous_2)
FN:13,listarSupervisor
FN:16,(anonymous_4)
FN:19,editarSupervisor
FN:25,(anonymous_6)
FN:26,(anonymous_7)
FN:29,excluirSupervisor
FN:32,(anonymous_9)
FN:33,(anonymous_10)
FNF:11
FNH:2
FNDA:0,cadastrarSupervisor
FNDA:0,(anonymous_1)
FNDA:0,(anonymous_2)
FNDA:1,listarSupervisor
FNDA:1,(anonymous_4)
FNDA:0,editarSupervisor
FNDA:0,(anonymous_6)
FNDA:0,(anonymous_7)
FNDA:0,excluirSupervisor
FNDA:0,(anonymous_9)
FNDA:0,(anonymous_10)
DA:7,0
DA:9,0
DA:10,0
DA:14,1
DA:16,1
DA:23,0
DA:25,0
DA:26,0
DA:30,0
DA:32,0
DA:33,0
LF:11
LH:2
BRF:0
BRH:0
end_of_record
TN:
SF:src/services/turmas.tsx
FN:5,(anonymous_0)
FN:8,(anonymous_1)
FN:11,(anonymous_2)
FN:14,(anonymous_3)
FN:17,(anonymous_4)
FN:21,(anonymous_5)
FN:24,(anonymous_6)
FN:28,(anonymous_7)
FN:31,(anonymous_8)
FN:38,(anonymous_9)
FN:68,(anonymous_10)
FN:72,(anonymous_11)
FN:75,(anonymous_12)
FN:78,(anonymous_13)
FN:81,(anonymous_14)
FN:85,(anonymous_15)
FN:117,(anonymous_16)
FN:118,(anonymous_17)
FN:121,(anonymous_18)
FN:124,(anonymous_19)
FN:127,(anonymous_20)
FN:131,(anonymous_21)
FNF:22
FNH:2
FNDA:0,(anonymous_0)
FNDA:0,(anonymous_1)
FNDA:2,(anonymous_2)
FNDA:0,(anonymous_3)
FNDA:0,(anonymous_4)
FNDA:0,(anonymous_5)
FNDA:0,(anonymous_6)
FNDA:0,(anonymous_7)
FNDA:0,(anonymous_8)
FNDA:0,(anonymous_9)
FNDA:0,(anonymous_10)
FNDA:0,(anonymous_11)
FNDA:0,(anonymous_12)
FNDA:0,(anonymous_13)
FNDA:0,(anonymous_14)
FNDA:0,(anonymous_15)
FNDA:4,(anonymous_16)
FNDA:0,(anonymous_17)
FNDA:0,(anonymous_18)
FNDA:0,(anonymous_19)
FNDA:0,(anonymous_20)
FNDA:0,(anonymous_21)
DA:5,2
DA:6,0
DA:8,0
DA:11,2
DA:12,2
DA:14,0
DA:17,2
DA:19,0
DA:21,0
DA:24,2
DA:25,0
DA:28,0
DA:31,2
DA:35,0
DA:36,0
DA:38,0
DA:39,0
DA:41,0
DA:43,0
DA:44,0
DA:45,0
DA:46,0
DA:48,0
DA:49,0
DA:53,0
DA:55,0
DA:56,0
DA:61,0
DA:68,2
DA:70,0
DA:72,0
DA:75,2
DA:76,0
DA:78,0
DA:81,2
DA:82,0
DA:83,0
DA:85,0
DA:86,0
DA:89,0
DA:91,0
DA:92,0
DA:94,0
DA:97,0
DA:101,0
DA:104,0
DA:109,0
DA:113,0
DA:117,2
DA:118,4
DA:121,2
DA:122,0
DA:124,0
DA:127,2
DA:128,0
DA:132,0
LF:56
LH:13
BRDA:41,0,0,0
BRDA:41,0,1,0
BRDA:44,1,0,0
BRDA:44,1,1,0
BRDA:53,2,0,0
BRDA:53,2,1,0
BRDA:89,3,0,0
BRDA:89,3,1,0
BRDA:92,4,0,0
BRDA:92,4,1,0
BRDA:101,5,0,0
BRDA:101,5,1,0
BRF:12
BRH:0
end_of_record
TN:
SF:src/shared/components/ActionButton/ActionButton.tsx
FN:16,(anonymous_0)
FN:17,(anonymous_1)
FN:25,ActionButton
FNF:3
FNH:0
FNDA:0,(anonymous_0)
FNDA:0,(anonymous_1)
FNDA:0,ActionButton
DA:10,2
DA:16,0
DA:17,0
DA:26,0
LF:4
LH:1
BRF:0
BRH:0
end_of_record
TN:
SF:src/shared/components/ButtonAgendar/ButtonAgendar.tsx
FN:16,(anonymous_0)
FN:17,(anonymous_1)
FN:26,ButtonAgendar
FNF:3
FNH:3
FNDA:4,(anonymous_0)
FNDA:4,(anonymous_1)
FNDA:4,ButtonAgendar
DA:10,2
DA:16,4
DA:17,4
DA:27,4
LF:4
LH:4
BRF:0
BRH:0
end_of_record
TN:
SF:src/shared/components/Footer/footer.tsx
FN:8,(anonymous_0)
FN:18,(anonymous_1)
FN:23,Footer
FNF:3
FNH:3
FNDA:3,(anonymous_0)
FNDA:3,(anonymous_1)
FNDA:3,Footer
DA:6,3
DA:8,3
DA:13,3
DA:17,3
DA:18,3
DA:24,3
LF:6
LH:6
BRF:0
BRH:0
end_of_record
TN:
SF:src/shared/components/InputButtons/AddButton.tsx
FN:28,AddButton
FNF:1
FNH:0
FNDA:0,AddButton
DA:9,1
DA:29,0
LF:2
LH:1
BRF:0
BRH:0
end_of_record
TN:
SF:src/shared/components/Masks/ValueMask.tsx
FN:27,(anonymous_0)
FN:46,(anonymous_1)
FN:130,(anonymous_2)
FNF:3
FNH:3
FNDA:66,(anonymous_0)
FNDA:23,(anonymous_1)
FNDA:23,(anonymous_2)
DA:27,7
DA:28,66
DA:44,66
DA:46,66
DA:47,23
DA:48,0
DA:51,23
DA:52,23
DA:54,23
DA:56,3
DA:57,3
DA:59,3
DA:60,3
DA:64,3
DA:67,20
DA:69,2
DA:70,2
DA:72,2
DA:73,2
DA:75,2
DA:79,18
DA:88,9
DA:89,9
DA:91,9
DA:93,9
DA:97,9
DA:100,9
DA:102,8
DA:103,8
DA:105,8
DA:106,8
DA:107,8
DA:108,8
DA:109,8
DA:111,8
DA:114,1
DA:115,1
DA:116,1
DA:118,1
DA:119,1
DA:120,1
DA:121,1
DA:123,1
DA:126,1
DA:130,66
DA:131,23
DA:132,23
DA:134,23
DA:137,66
LF:49
LH:48
BRDA:47,0,0,0
BRDA:47,0,1,23
BRDA:54,1,0,3
BRDA:54,1,1,20
BRDA:54,2,0,23
BRDA:54,2,1,20
BRDA:59,3,0,3
BRDA:59,3,1,0
BRDA:60,4,0,3
BRDA:60,4,1,0
BRDA:61,5,0,3
BRDA:61,5,1,0
BRDA:62,6,0,3
BRDA:62,6,1,0
BRDA:67,7,0,2
BRDA:67,7,1,18
BRDA:67,8,0,20
BRDA:67,8,1,19
BRDA:72,9,0,2
BRDA:72,9,1,0
BRDA:73,10,0,2
BRDA:73,10,1,0
BRDA:79,11,0,9
BRDA:79,11,1,9
BRDA:80,12,0,18
BRDA:80,12,1,17
BRDA:80,12,2,11
BRDA:80,12,3,10
BRDA:80,12,4,9
BRDA:80,12,5,9
BRDA:91,13,0,9
BRDA:91,13,1,0
BRDA:93,14,0,9
BRDA:93,14,1,0
BRDA:94,15,0,9
BRDA:94,15,1,0
BRDA:100,16,0,8
BRDA:100,16,1,1
BRDA:100,17,0,9
BRDA:100,17,1,3
BRDA:105,18,0,8
BRDA:105,18,1,0
BRDA:106,19,0,8
BRDA:106,19,1,0
BRDA:107,20,0,8
BRDA:107,20,1,0
BRDA:108,21,0,8
BRDA:108,21,1,0
BRDA:114,22,0,1
BRDA:114,22,1,0
BRDA:114,23,0,1
BRDA:114,23,1,0
BRDA:118,24,0,1
BRDA:118,24,1,0
BRDA:119,25,0,1
BRDA:119,25,1,0
BRDA:120,26,0,1
BRDA:120,26,1,0
BRDA:121,27,0,1
BRDA:121,27,1,0
BRDA:142,28,0,66
BRDA:142,28,1,66
BRF:62
BRH:42
end_of_record
TN:
SF:src/shared/components/Navbar/navbar.tsx
FN:10,(anonymous_0)
FN:30,(anonymous_1)
FN:37,(anonymous_2)
FN:38,(anonymous_3)
FN:44,(anonymous_4)
FN:50,Navbar
FN:74,(anonymous_6)
FN:79,(anonymous_7)
FNF:8
FNH:7
FNDA:5,(anonymous_0)
FNDA:5,(anonymous_1)
FNDA:10,(anonymous_2)
FNDA:10,(anonymous_3)
FNDA:10,(anonymous_4)
FNDA:5,Navbar
FNDA:10,(anonymous_6)
FNDA:0,(anonymous_7)
DA:7,6
DA:10,5
DA:16,6
DA:23,6
DA:29,6
DA:30,5
DA:37,10
DA:39,10
DA:44,10
DA:51,5
DA:52,5
DA:54,5
DA:69,5
DA:75,10
DA:79,0
LF:15
LH:14
BRDA:39,0,0,5
BRDA:39,0,1,5
BRDA:86,1,0,5
BRDA:86,1,1,4
BRDA:87,2,0,0
BRDA:87,2,1,4
BRF:6
BRH:5
end_of_record
TN:
SF:src/shared/components/NavbarLogada/navbarLogada.tsx
FN:8,(anonymous_0)
FN:21,(anonymous_1)
FN:43,(anonymous_2)
FN:51,(anonymous_3)
FN:66,Navbarlog
FNF:5
FNH:3
FNDA:96,(anonymous_0)
FNDA:96,(anonymous_1)
FNDA:0,(anonymous_2)
FNDA:0,(anonymous_3)
FNDA:96,Navbarlog
DA:5,9
DA:8,96
DA:20,9
DA:21,96
DA:31,9
DA:37,9
DA:42,9
DA:43,0
DA:50,9
DA:51,0
DA:59,9
DA:67,96
LF:12
LH:10
BRF:0
BRH:0
end_of_record
TN:
SF:src/shared/components/PrimaryButton/PrimaryButton.tsx
FN:16,(anonymous_0)
FN:17,(anonymous_1)
FN:25,PrimaryButton
FNF:3
FNH:3
FNDA:131,(anonymous_0)
FNDA:131,(anonymous_1)
FNDA:131,PrimaryButton
DA:10,13
DA:16,131
DA:17,131
DA:26,131
LF:4
LH:4
BRF:0
BRH:0
end_of_record
TN:
SF:src/shared/components/Sidebar/sidebar.tsx
FN:34,(anonymous_0)
FN:44,(anonymous_1)
FN:45,(anonymous_2)
FN:46,(anonymous_3)
FN:47,(anonymous_4)
FN:77,Sidebar
FN:224,(anonymous_6)
FN:235,(anonymous_7)
FNF:8
FNH:2
FNDA:0,(anonymous_0)
FNDA:0,(anonymous_1)
FNDA:0,(anonymous_2)
FNDA:0,(anonymous_3)
FNDA:0,(anonymous_4)
FNDA:104,Sidebar
FNDA:0,(anonymous_6)
FNDA:960,(anonymous_7)
DA:27,9
DA:34,9
DA:44,0
DA:45,0
DA:46,0
DA:47,0
DA:50,9
DA:58,9
DA:78,104
DA:79,96
DA:80,96
DA:82,96
DA:225,0
DA:226,0
DA:232,96
DA:236,960
DA:237,0
DA:249,960
LF:18
LH:11
BRDA:44,0,0,0
BRDA:44,0,1,0
BRDA:45,1,0,0
BRDA:45,1,1,0
BRDA:46,2,0,0
BRDA:46,2,1,0
BRDA:47,3,0,0
BRDA:47,3,1,0
BRDA:89,4,0,96
BRDA:89,4,1,0
BRDA:101,5,0,0
BRDA:101,5,1,96
BRDA:113,6,0,0
BRDA:113,6,1,96
BRDA:125,7,0,0
BRDA:125,7,1,96
BRDA:137,8,0,0
BRDA:137,8,1,96
BRDA:149,9,0,0
BRDA:149,9,1,96
BRDA:172,10,0,0
BRDA:172,10,1,96
BRDA:195,11,0,0
BRDA:195,11,1,96
BRDA:208,12,0,0
BRDA:208,12,1,96
BRDA:220,13,0,0
BRDA:220,13,1,96
BRDA:236,14,0,0
BRDA:236,14,1,960
BRDA:236,15,0,960
BRDA:236,15,1,0
BRF:32
BRH:12
end_of_record
TN:
SF:src/shared/components/Style/style.tsx
FN:3,(anonymous_0)
FN:8,(anonymous_1)
FN:13,(anonymous_2)
FN:22,(anonymous_3)
FN:33,(anonymous_4)
FN:43,(anonymous_5)
FN:53,(anonymous_6)
FNF:7
FNH:7
FNDA:8,(anonymous_0)
FNDA:52,(anonymous_1)
FNDA:8,(anonymous_2)
FNDA:8,(anonymous_3)
FNDA:8,(anonymous_4)
FNDA:8,(anonymous_5)
FNDA:8,(anonymous_6)
DA:3,5
DA:4,8
DA:8,52
DA:13,5
DA:14,8
DA:22,5
DA:23,8
DA:33,5
DA:34,8
DA:43,5
DA:44,8
DA:53,5
DA:54,8
LF:13
LH:13
BRF:0
BRH:0
end_of_record
TN:
SF:src/shared/components/TablePagination/tablePagination.tsx
FN:10,TablePagination
FNF:1
FNH:1
FNDA:86,TablePagination
DA:11,86
LF:1
LH:1
BRF:0
BRH:0
end_of_record
TN:
SF:src/shared/components/Title/Title.tsx
FN:9,(anonymous_0)
FN:10,(anonymous_1)
FN:11,(anonymous_2)
FNF:3
FNH:3
FNDA:1,(anonymous_0)
FNDA:1,(anonymous_1)
FNDA:1,(anonymous_2)
DA:8,1
DA:9,1
DA:10,1
DA:11,1
LF:4
LH:4
BRF:0
BRH:0
end_of_record
TN:
SF:src/shared/validations/removeSpecialCharacters.tsx
FN:1,removeSpecialCharacters
FNF:1
FNH:1
FNDA:17,removeSpecialCharacters
DA:2,17
DA:3,15
DA:5,2
LF:3
LH:3
BRDA:2,0,0,15
BRDA:2,0,1,2
BRDA:2,1,0,17
BRDA:2,1,1,2
BRF:4
BRH:4
end_of_record
TN:
SF:src/shared/validations/validarCPF.tsx
FN:3,(anonymous_0)
FN:45,(anonymous_1)
FNF:2
FNH:2
FNDA:7,(anonymous_0)
FNDA:7,(anonymous_1)
DA:3,5
DA:4,7
DA:7,7
DA:8,0
DA:12,7
DA:13,1
DA:17,6
DA:18,6
DA:19,54
DA:21,6
DA:22,6
DA:23,1
DA:25,6
DA:26,0
DA:30,6
DA:31,6
DA:32,60
DA:34,6
DA:35,6
DA:36,0
DA:38,6
DA:39,0
DA:42,6
DA:45,5
DA:47,7
DA:48,7
DA:49,1
DA:50,1
DA:52,6
LF:29
LH:25
BRDA:7,0,0,0
BRDA:7,0,1,7
BRDA:12,1,0,1
BRDA:12,1,1,6
BRDA:22,2,0,1
BRDA:22,2,1,5
BRDA:22,3,0,6
BRDA:22,3,1,5
BRDA:25,4,0,0
BRDA:25,4,1,6
BRDA:35,5,0,0
BRDA:35,5,1,6
BRDA:35,6,0,6
BRDA:35,6,1,6
BRDA:38,7,0,0
BRDA:38,7,1,6
BRDA:48,8,0,1
BRDA:48,8,1,6
BRF:18
BRH:14
end_of_record
TN:
SF:src/shared/validations/validarDataNascimento.tsx
FN:3,(anonymous_0)
FN:28,(anonymous_1)
FNF:2
FNH:2
FNDA:9,(anonymous_0)
FNDA:7,(anonymous_1)
DA:3,5
DA:4,9
DA:5,9
DA:6,1
DA:7,1
DA:9,8
DA:11,8
DA:12,0
DA:13,0
DA:15,8
DA:16,8
DA:17,8
DA:22,1
DA:23,1
DA:25,7
DA:28,5
DA:29,7
DA:30,7
DA:31,7
DA:32,7
DA:33,7
DA:37,1
DA:39,7
DA:40,1
DA:41,1
DA:43,6
LF:26
LH:24
BRDA:5,0,0,1
BRDA:5,0,1,8
BRDA:11,1,0,0
BRDA:11,1,1,8
BRDA:17,2,0,1
BRDA:17,2,1,7
BRDA:18,3,0,8
BRDA:18,3,1,8
BRDA:18,3,2,7
BRDA:33,4,0,1
BRDA:33,4,1,6
BRDA:34,5,0,7
BRDA:34,5,1,6
BRDA:34,5,2,1
BRDA:39,6,0,1
BRDA:39,6,1,6
BRF:16
BRH:15
end_of_record
TN:
SF:src/shared/validations/validarEmail.tsx
FN:4,(anonymous_0)
FNF:1
FNH:1
FNDA:9,(anonymous_0)
DA:4,5
DA:5,9
DA:6,9
DA:7,2
DA:8,2
DA:10,7
LF:6
LH:6
BRDA:6,0,0,2
BRDA:6,0,1,7
BRF:2
BRH:2
end_of_record
TN:
SF:src/shared/validations/validarLogin.tsx
FN:3,(anonymous_0)
FNF:1
FNH:1
FNDA:5,(anonymous_0)
DA:3,5
DA:4,5
DA:5,1
DA:6,1
DA:8,4
LF:5
LH:5
BRDA:4,0,0,1
BRDA:4,0,1,4
BRF:2
BRH:2
end_of_record
TN:
SF:src/shared/validations/validarNome.tsx
FN:3,(anonymous_0)
FNF:1
FNH:1
FNDA:8,(anonymous_0)
DA:3,5
DA:4,8
DA:5,1
DA:6,1
DA:8,7
LF:5
LH:5
BRDA:4,0,0,1
BRDA:4,0,1,7
BRF:2
BRH:2
end_of_record
TN:
SF:src/shared/validations/validarSenha.tsx
FN:3,(anonymous_0)
FNF:1
FNH:1
FNDA:5,(anonymous_0)
DA:3,5
DA:4,5
DA:5,1
DA:6,1
DA:8,4
LF:5
LH:5
BRDA:4,0,0,1
BRDA:4,0,1,4
BRF:2
BRH:2
end_of_record
TN:
SF:src/styles/theme.ts
FNF:0
FNH:0
DA:1,13
LF:1
LH:1
BRF:0
BRH:0
end_of_record
